<?xml version="1.0" encoding="UTF-8"?>
<testsuite xmlns:xsi="http://www.w3.org/2001/XMLSchema-instance" xsi:noNamespaceSchemaLocation="https://maven.apache.org/surefire/maven-surefire-plugin/xsd/surefire-test-report.xsd" version="3.0.2" name="com.example.DDIAProject.DdiaProjectApplicationTests" time="64.783" tests="1" errors="0" skipped="0" failures="0">
  <properties>
    <property name="java.specification.version" value="21"/>
    <property name="sun.jnu.encoding" value="UTF-8"/>
    <property name="java.class.path" value="/mnt/01D8D4FB872972F0/Life/collage/collage_labs/year_3/term2/DDIA/project/Weather-Stations-Monitor/weather_station/DDIAProject/target/test-classes:/mnt/01D8D4FB872972F0/Life/collage/collage_labs/year_3/term2/DDIA/project/Weather-Stations-Monitor/weather_station/DDIAProject/target/classes:/home/meudm/.m2/repository/org/springframework/boot/spring-boot-starter-web/3.4.6/spring-boot-starter-web-3.4.6.jar:/home/meudm/.m2/repository/org/springframework/boot/spring-boot-starter/3.4.6/spring-boot-starter-3.4.6.jar:/home/meudm/.m2/repository/org/springframework/boot/spring-boot-starter-logging/3.4.6/spring-boot-starter-logging-3.4.6.jar:/home/meudm/.m2/repository/org/apache/logging/log4j/log4j-to-slf4j/2.24.3/log4j-to-slf4j-2.24.3.jar:/home/meudm/.m2/repository/org/apache/logging/log4j/log4j-api/2.24.3/log4j-api-2.24.3.jar:/home/meudm/.m2/repository/org/slf4j/jul-to-slf4j/2.0.17/jul-to-slf4j-2.0.17.jar:/home/meudm/.m2/repository/jakarta/annotation/jakarta.annotation-api/2.1.1/jakarta.annotation-api-2.1.1.jar:/home/meudm/.m2/repository/org/yaml/snakeyaml/2.3/snakeyaml-2.3.jar:/home/meudm/.m2/repository/org/springframework/boot/spring-boot-starter-json/3.4.6/spring-boot-starter-json-3.4.6.jar:/home/meudm/.m2/repository/com/fasterxml/jackson/datatype/jackson-datatype-jdk8/2.18.4/jackson-datatype-jdk8-2.18.4.jar:/home/meudm/.m2/repository/com/fasterxml/jackson/datatype/jackson-datatype-jsr310/2.18.4/jackson-datatype-jsr310-2.18.4.jar:/home/meudm/.m2/repository/com/fasterxml/jackson/module/jackson-module-parameter-names/2.18.4/jackson-module-parameter-names-2.18.4.jar:/home/meudm/.m2/repository/org/springframework/boot/spring-boot-starter-tomcat/3.4.6/spring-boot-starter-tomcat-3.4.6.jar:/home/meudm/.m2/repository/org/apache/tomcat/embed/tomcat-embed-core/10.1.41/tomcat-embed-core-10.1.41.jar:/home/meudm/.m2/repository/org/apache/tomcat/embed/tomcat-embed-el/10.1.41/tomcat-embed-el-10.1.41.jar:/home/meudm/.m2/repository/org/apache/tomcat/embed/tomcat-embed-websocket/10.1.41/tomcat-embed-websocket-10.1.41.jar:/home/meudm/.m2/repository/org/springframework/spring-web/6.2.7/spring-web-6.2.7.jar:/home/meudm/.m2/repository/org/springframework/spring-beans/6.2.7/spring-beans-6.2.7.jar:/home/meudm/.m2/repository/org/springframework/spring-webmvc/6.2.7/spring-webmvc-6.2.7.jar:/home/meudm/.m2/repository/org/springframework/spring-aop/6.2.7/spring-aop-6.2.7.jar:/home/meudm/.m2/repository/org/springframework/spring-expression/6.2.7/spring-expression-6.2.7.jar:/home/meudm/.m2/repository/org/springframework/kafka/spring-kafka/3.3.6/spring-kafka-3.3.6.jar:/home/meudm/.m2/repository/org/springframework/spring-context/6.2.7/spring-context-6.2.7.jar:/home/meudm/.m2/repository/org/springframework/spring-messaging/6.2.7/spring-messaging-6.2.7.jar:/home/meudm/.m2/repository/org/springframework/spring-tx/6.2.7/spring-tx-6.2.7.jar:/home/meudm/.m2/repository/org/springframework/retry/spring-retry/2.0.12/spring-retry-2.0.12.jar:/home/meudm/.m2/repository/io/micrometer/micrometer-observation/1.14.7/micrometer-observation-1.14.7.jar:/home/meudm/.m2/repository/io/micrometer/micrometer-commons/1.14.7/micrometer-commons-1.14.7.jar:/home/meudm/.m2/repository/org/springframework/boot/spring-boot-devtools/3.4.6/spring-boot-devtools-3.4.6.jar:/home/meudm/.m2/repository/org/springframework/boot/spring-boot/3.4.6/spring-boot-3.4.6.jar:/home/meudm/.m2/repository/org/springframework/boot/spring-boot-autoconfigure/3.4.6/spring-boot-autoconfigure-3.4.6.jar:/home/meudm/.m2/repository/org/projectlombok/lombok/1.18.38/lombok-1.18.38.jar:/home/meudm/.m2/repository/org/springframework/boot/spring-boot-starter-test/3.4.6/spring-boot-starter-test-3.4.6.jar:/home/meudm/.m2/repository/org/springframework/boot/spring-boot-test/3.4.6/spring-boot-test-3.4.6.jar:/home/meudm/.m2/repository/org/springframework/boot/spring-boot-test-autoconfigure/3.4.6/spring-boot-test-autoconfigure-3.4.6.jar:/home/meudm/.m2/repository/com/jayway/jsonpath/json-path/2.9.0/json-path-2.9.0.jar:/home/meudm/.m2/repository/jakarta/xml/bind/jakarta.xml.bind-api/4.0.2/jakarta.xml.bind-api-4.0.2.jar:/home/meudm/.m2/repository/jakarta/activation/jakarta.activation-api/2.1.3/jakarta.activation-api-2.1.3.jar:/home/meudm/.m2/repository/net/minidev/json-smart/2.5.2/json-smart-2.5.2.jar:/home/meudm/.m2/repository/net/minidev/accessors-smart/2.5.2/accessors-smart-2.5.2.jar:/home/meudm/.m2/repository/org/ow2/asm/asm/9.7.1/asm-9.7.1.jar:/home/meudm/.m2/repository/org/assertj/assertj-core/3.26.3/assertj-core-3.26.3.jar:/home/meudm/.m2/repository/net/bytebuddy/byte-buddy/1.15.11/byte-buddy-1.15.11.jar:/home/meudm/.m2/repository/org/awaitility/awaitility/4.2.2/awaitility-4.2.2.jar:/home/meudm/.m2/repository/org/hamcrest/hamcrest/2.2/hamcrest-2.2.jar:/home/meudm/.m2/repository/org/junit/jupiter/junit-jupiter/5.11.4/junit-jupiter-5.11.4.jar:/home/meudm/.m2/repository/org/junit/jupiter/junit-jupiter-params/5.11.4/junit-jupiter-params-5.11.4.jar:/home/meudm/.m2/repository/org/junit/jupiter/junit-jupiter-engine/5.11.4/junit-jupiter-engine-5.11.4.jar:/home/meudm/.m2/repository/org/mockito/mockito-core/5.14.2/mockito-core-5.14.2.jar:/home/meudm/.m2/repository/net/bytebuddy/byte-buddy-agent/1.15.11/byte-buddy-agent-1.15.11.jar:/home/meudm/.m2/repository/org/objenesis/objenesis/3.3/objenesis-3.3.jar:/home/meudm/.m2/repository/org/mockito/mockito-junit-jupiter/5.14.2/mockito-junit-jupiter-5.14.2.jar:/home/meudm/.m2/repository/org/skyscreamer/jsonassert/1.5.3/jsonassert-1.5.3.jar:/home/meudm/.m2/repository/com/vaadin/external/google/android-json/0.0.20131108.vaadin1/android-json-0.0.20131108.vaadin1.jar:/home/meudm/.m2/repository/org/springframework/spring-core/6.2.7/spring-core-6.2.7.jar:/home/meudm/.m2/repository/org/springframework/spring-jcl/6.2.7/spring-jcl-6.2.7.jar:/home/meudm/.m2/repository/org/springframework/spring-test/6.2.7/spring-test-6.2.7.jar:/home/meudm/.m2/repository/org/xmlunit/xmlunit-core/2.10.1/xmlunit-core-2.10.1.jar:/home/meudm/.m2/repository/org/springframework/kafka/spring-kafka-test/3.3.6/spring-kafka-test-3.3.6.jar:/home/meudm/.m2/repository/org/apache/zookeeper/zookeeper/3.8.4/zookeeper-3.8.4.jar:/home/meudm/.m2/repository/org/apache/zookeeper/zookeeper-jute/3.8.4/zookeeper-jute-3.8.4.jar:/home/meudm/.m2/repository/org/apache/yetus/audience-annotations/0.12.0/audience-annotations-0.12.0.jar:/home/meudm/.m2/repository/io/netty/netty-handler/4.1.121.Final/netty-handler-4.1.121.Final.jar:/home/meudm/.m2/repository/io/netty/netty-common/4.1.121.Final/netty-common-4.1.121.Final.jar:/home/meudm/.m2/repository/io/netty/netty-resolver/4.1.121.Final/netty-resolver-4.1.121.Final.jar:/home/meudm/.m2/repository/io/netty/netty-buffer/4.1.121.Final/netty-buffer-4.1.121.Final.jar:/home/meudm/.m2/repository/io/netty/netty-transport/4.1.121.Final/netty-transport-4.1.121.Final.jar:/home/meudm/.m2/repository/io/netty/netty-transport-native-unix-common/4.1.121.Final/netty-transport-native-unix-common-4.1.121.Final.jar:/home/meudm/.m2/repository/io/netty/netty-codec/4.1.121.Final/netty-codec-4.1.121.Final.jar:/home/meudm/.m2/repository/io/netty/netty-transport-native-epoll/4.1.121.Final/netty-transport-native-epoll-4.1.121.Final.jar:/home/meudm/.m2/repository/io/netty/netty-transport-classes-epoll/4.1.121.Final/netty-transport-classes-epoll-4.1.121.Final.jar:/home/meudm/.m2/repository/ch/qos/logback/logback-core/1.5.18/logback-core-1.5.18.jar:/home/meudm/.m2/repository/ch/qos/logback/logback-classic/1.5.18/logback-classic-1.5.18.jar:/home/meudm/.m2/repository/commons-io/commons-io/2.11.0/commons-io-2.11.0.jar:/home/meudm/.m2/repository/org/apache/kafka/kafka-clients/3.8.1/kafka-clients-3.8.1-test.jar:/home/meudm/.m2/repository/org/apache/kafka/kafka-server/3.8.1/kafka-server-3.8.1.jar:/home/meudm/.m2/repository/org/apache/kafka/kafka-group-coordinator/3.8.1/kafka-group-coordinator-3.8.1.jar:/home/meudm/.m2/repository/org/apache/kafka/kafka-transaction-coordinator/3.8.1/kafka-transaction-coordinator-3.8.1.jar:/home/meudm/.m2/repository/org/apache/kafka/kafka-raft/3.8.1/kafka-raft-3.8.1.jar:/home/meudm/.m2/repository/com/yammer/metrics/metrics-core/2.2.0/metrics-core-2.2.0.jar:/home/meudm/.m2/repository/org/apache/kafka/kafka-metadata/3.8.1/kafka-metadata-3.8.1.jar:/home/meudm/.m2/repository/org/apache/kafka/kafka-server-common/3.8.1/kafka-server-common-3.8.1.jar:/home/meudm/.m2/repository/net/sf/jopt-simple/jopt-simple/5.0.4/jopt-simple-5.0.4.jar:/home/meudm/.m2/repository/org/pcollections/pcollections/4.0.1/pcollections-4.0.1.jar:/home/meudm/.m2/repository/org/apache/kafka/kafka-server-common/3.8.1/kafka-server-common-3.8.1-test.jar:/home/meudm/.m2/repository/org/apache/kafka/kafka-streams-test-utils/3.8.1/kafka-streams-test-utils-3.8.1.jar:/home/meudm/.m2/repository/org/apache/kafka/kafka_2.13/3.8.1/kafka_2.13-3.8.1.jar:/home/meudm/.m2/repository/org/scala-lang/scala-library/2.13.14/scala-library-2.13.14.jar:/home/meudm/.m2/repository/org/apache/kafka/kafka-group-coordinator-api/3.8.1/kafka-group-coordinator-api-3.8.1.jar:/home/meudm/.m2/repository/org/apache/kafka/kafka-storage-api/3.8.1/kafka-storage-api-3.8.1.jar:/home/meudm/.m2/repository/org/apache/kafka/kafka-tools-api/3.8.1/kafka-tools-api-3.8.1.jar:/home/meudm/.m2/repository/org/apache/kafka/kafka-storage/3.8.1/kafka-storage-3.8.1.jar:/home/meudm/.m2/repository/com/github/ben-manes/caffeine/caffeine/3.1.8/caffeine-3.1.8.jar:/home/meudm/.m2/repository/org/checkerframework/checker-qual/3.37.0/checker-qual-3.37.0.jar:/home/meudm/.m2/repository/com/google/errorprone/error_prone_annotations/2.21.1/error_prone_annotations-2.21.1.jar:/home/meudm/.m2/repository/net/sourceforge/argparse4j/argparse4j/0.7.0/argparse4j-0.7.0.jar:/home/meudm/.m2/repository/commons-validator/commons-validator/1.7/commons-validator-1.7.jar:/home/meudm/.m2/repository/commons-beanutils/commons-beanutils/1.9.4/commons-beanutils-1.9.4.jar:/home/meudm/.m2/repository/commons-digester/commons-digester/2.1/commons-digester-2.1.jar:/home/meudm/.m2/repository/commons-collections/commons-collections/3.2.2/commons-collections-3.2.2.jar:/home/meudm/.m2/repository/com/fasterxml/jackson/module/jackson-module-scala_2.13/2.18.4/jackson-module-scala_2.13-2.18.4.jar:/home/meudm/.m2/repository/com/thoughtworks/paranamer/paranamer/2.8/paranamer-2.8.jar:/home/meudm/.m2/repository/com/fasterxml/jackson/dataformat/jackson-dataformat-csv/2.18.4/jackson-dataformat-csv-2.18.4.jar:/home/meudm/.m2/repository/org/bitbucket/b_c/jose4j/0.9.4/jose4j-0.9.4.jar:/home/meudm/.m2/repository/org/scala-lang/modules/scala-collection-compat_2.13/2.10.0/scala-collection-compat_2.13-2.10.0.jar:/home/meudm/.m2/repository/org/scala-lang/modules/scala-java8-compat_2.13/1.0.2/scala-java8-compat_2.13-1.0.2.jar:/home/meudm/.m2/repository/org/scala-lang/scala-reflect/2.13.14/scala-reflect-2.13.14.jar:/home/meudm/.m2/repository/com/typesafe/scala-logging/scala-logging_2.13/3.9.4/scala-logging_2.13-3.9.4.jar:/home/meudm/.m2/repository/io/dropwizard/metrics/metrics-core/4.1.12.1/metrics-core-4.1.12.1.jar:/home/meudm/.m2/repository/commons-cli/commons-cli/1.4/commons-cli-1.4.jar:/home/meudm/.m2/repository/org/apache/kafka/kafka_2.13/3.8.1/kafka_2.13-3.8.1-test.jar:/home/meudm/.m2/repository/org/junit/jupiter/junit-jupiter-api/5.11.4/junit-jupiter-api-5.11.4.jar:/home/meudm/.m2/repository/org/opentest4j/opentest4j/1.3.0/opentest4j-1.3.0.jar:/home/meudm/.m2/repository/org/junit/platform/junit-platform-commons/1.11.4/junit-platform-commons-1.11.4.jar:/home/meudm/.m2/repository/org/apiguardian/apiguardian-api/1.1.2/apiguardian-api-1.1.2.jar:/home/meudm/.m2/repository/org/junit/platform/junit-platform-launcher/1.11.4/junit-platform-launcher-1.11.4.jar:/home/meudm/.m2/repository/org/junit/platform/junit-platform-engine/1.11.4/junit-platform-engine-1.11.4.jar:/home/meudm/.m2/repository/org/apache/kafka/kafka-clients/3.8.1/kafka-clients-3.8.1.jar:/home/meudm/.m2/repository/com/github/luben/zstd-jni/1.5.6-4/zstd-jni-1.5.6-4.jar:/home/meudm/.m2/repository/org/lz4/lz4-java/1.8.0/lz4-java-1.8.0.jar:/home/meudm/.m2/repository/org/xerial/snappy/snappy-java/1.1.10.5/snappy-java-1.1.10.5.jar:/home/meudm/.m2/repository/org/slf4j/slf4j-api/2.0.17/slf4j-api-2.0.17.jar:/home/meudm/.m2/repository/org/springframework/boot/spring-boot-starter-webflux/3.4.6/spring-boot-starter-webflux-3.4.6.jar:/home/meudm/.m2/repository/org/springframework/boot/spring-boot-starter-reactor-netty/3.4.6/spring-boot-starter-reactor-netty-3.4.6.jar:/home/meudm/.m2/repository/io/projectreactor/netty/reactor-netty-http/1.2.6/reactor-netty-http-1.2.6.jar:/home/meudm/.m2/repository/io/netty/netty-codec-http/4.1.121.Final/netty-codec-http-4.1.121.Final.jar:/home/meudm/.m2/repository/io/netty/netty-codec-http2/4.1.121.Final/netty-codec-http2-4.1.121.Final.jar:/home/meudm/.m2/repository/io/netty/netty-resolver-dns/4.1.121.Final/netty-resolver-dns-4.1.121.Final.jar:/home/meudm/.m2/repository/io/netty/netty-codec-dns/4.1.121.Final/netty-codec-dns-4.1.121.Final.jar:/home/meudm/.m2/repository/io/netty/netty-resolver-dns-native-macos/4.1.121.Final/netty-resolver-dns-native-macos-4.1.121.Final-osx-x86_64.jar:/home/meudm/.m2/repository/io/netty/netty-resolver-dns-classes-macos/4.1.121.Final/netty-resolver-dns-classes-macos-4.1.121.Final.jar:/home/meudm/.m2/repository/io/netty/netty-transport-native-epoll/4.1.121.Final/netty-transport-native-epoll-4.1.121.Final-linux-x86_64.jar:/home/meudm/.m2/repository/io/projectreactor/netty/reactor-netty-core/1.2.6/reactor-netty-core-1.2.6.jar:/home/meudm/.m2/repository/io/netty/netty-handler-proxy/4.1.121.Final/netty-handler-proxy-4.1.121.Final.jar:/home/meudm/.m2/repository/io/netty/netty-codec-socks/4.1.121.Final/netty-codec-socks-4.1.121.Final.jar:/home/meudm/.m2/repository/org/springframework/spring-webflux/6.2.7/spring-webflux-6.2.7.jar:/home/meudm/.m2/repository/io/projectreactor/reactor-core/3.7.6/reactor-core-3.7.6.jar:/home/meudm/.m2/repository/org/reactivestreams/reactive-streams/1.0.4/reactive-streams-1.0.4.jar:/home/meudm/.m2/repository/org/springframework/boot/spring-boot-starter-actuator/3.4.6/spring-boot-starter-actuator-3.4.6.jar:/home/meudm/.m2/repository/org/springframework/boot/spring-boot-actuator-autoconfigure/3.4.6/spring-boot-actuator-autoconfigure-3.4.6.jar:/home/meudm/.m2/repository/org/springframework/boot/spring-boot-actuator/3.4.6/spring-boot-actuator-3.4.6.jar:/home/meudm/.m2/repository/io/micrometer/micrometer-jakarta9/1.14.7/micrometer-jakarta9-1.14.7.jar:/home/meudm/.m2/repository/io/micrometer/micrometer-core/1.14.7/micrometer-core-1.14.7.jar:/home/meudm/.m2/repository/org/hdrhistogram/HdrHistogram/2.2.2/HdrHistogram-2.2.2.jar:/home/meudm/.m2/repository/org/latencyutils/LatencyUtils/2.0.3/LatencyUtils-2.0.3.jar:/home/meudm/.m2/repository/com/google/code/gson/gson/2.10.1/gson-2.10.1.jar:/home/meudm/.m2/repository/org/apache/kafka/kafka-streams/3.8.1/kafka-streams-3.8.1.jar:/home/meudm/.m2/repository/org/rocksdb/rocksdbjni/7.9.2/rocksdbjni-7.9.2.jar:/home/meudm/.m2/repository/com/fasterxml/jackson/core/jackson-annotations/2.18.4/jackson-annotations-2.18.4.jar:/home/meudm/.m2/repository/com/fasterxml/jackson/core/jackson-databind/2.18.4/jackson-databind-2.18.4.jar:/home/meudm/.m2/repository/com/fasterxml/jackson/core/jackson-core/2.18.4/jackson-core-2.18.4.jar:"/>
    <property name="java.vm.vendor" value="Ubuntu"/>
    <property name="sun.arch.data.model" value="64"/>
    <property name="java.vendor.url" value="https://ubuntu.com/"/>
    <property name="user.timezone" value="Africa/Cairo"/>
    <property name="os.name" value="Linux"/>
    <property name="java.vm.specification.version" value="21"/>
    <property name="APPLICATION_NAME" value="DDIAProject"/>
    <property name="sun.java.launcher" value="SUN_STANDARD"/>
    <property name="user.country" value="US"/>
    <property name="sun.boot.library.path" value="/usr/lib/jvm/java-21-openjdk-amd64/lib"/>
    <property name="sun.java.command" value="/mnt/01D8D4FB872972F0/Life/collage/collage_labs/year_3/term2/DDIA/project/Weather-Stations-Monitor/weather_station/DDIAProject/target/surefire/surefirebooter-20250526085452432_3.jar /mnt/01D8D4FB872972F0/Life/collage/collage_labs/year_3/term2/DDIA/project/Weather-Stations-Monitor/weather_station/DDIAProject/target/surefire 2025-05-26T08-54-52_352-jvmRun1 surefire-20250526085452432_1tmp surefire_0-20250526085452432_2tmp"/>
    <property name="jdk.debug" value="release"/>
    <property name="surefire.test.class.path" value="/mnt/01D8D4FB872972F0/Life/collage/collage_labs/year_3/term2/DDIA/project/Weather-Stations-Monitor/weather_station/DDIAProject/target/test-classes:/mnt/01D8D4FB872972F0/Life/collage/collage_labs/year_3/term2/DDIA/project/Weather-Stations-Monitor/weather_station/DDIAProject/target/classes:/home/meudm/.m2/repository/org/springframework/boot/spring-boot-starter-web/3.4.6/spring-boot-starter-web-3.4.6.jar:/home/meudm/.m2/repository/org/springframework/boot/spring-boot-starter/3.4.6/spring-boot-starter-3.4.6.jar:/home/meudm/.m2/repository/org/springframework/boot/spring-boot-starter-logging/3.4.6/spring-boot-starter-logging-3.4.6.jar:/home/meudm/.m2/repository/org/apache/logging/log4j/log4j-to-slf4j/2.24.3/log4j-to-slf4j-2.24.3.jar:/home/meudm/.m2/repository/org/apache/logging/log4j/log4j-api/2.24.3/log4j-api-2.24.3.jar:/home/meudm/.m2/repository/org/slf4j/jul-to-slf4j/2.0.17/jul-to-slf4j-2.0.17.jar:/home/meudm/.m2/repository/jakarta/annotation/jakarta.annotation-api/2.1.1/jakarta.annotation-api-2.1.1.jar:/home/meudm/.m2/repository/org/yaml/snakeyaml/2.3/snakeyaml-2.3.jar:/home/meudm/.m2/repository/org/springframework/boot/spring-boot-starter-json/3.4.6/spring-boot-starter-json-3.4.6.jar:/home/meudm/.m2/repository/com/fasterxml/jackson/datatype/jackson-datatype-jdk8/2.18.4/jackson-datatype-jdk8-2.18.4.jar:/home/meudm/.m2/repository/com/fasterxml/jackson/datatype/jackson-datatype-jsr310/2.18.4/jackson-datatype-jsr310-2.18.4.jar:/home/meudm/.m2/repository/com/fasterxml/jackson/module/jackson-module-parameter-names/2.18.4/jackson-module-parameter-names-2.18.4.jar:/home/meudm/.m2/repository/org/springframework/boot/spring-boot-starter-tomcat/3.4.6/spring-boot-starter-tomcat-3.4.6.jar:/home/meudm/.m2/repository/org/apache/tomcat/embed/tomcat-embed-core/10.1.41/tomcat-embed-core-10.1.41.jar:/home/meudm/.m2/repository/org/apache/tomcat/embed/tomcat-embed-el/10.1.41/tomcat-embed-el-10.1.41.jar:/home/meudm/.m2/repository/org/apache/tomcat/embed/tomcat-embed-websocket/10.1.41/tomcat-embed-websocket-10.1.41.jar:/home/meudm/.m2/repository/org/springframework/spring-web/6.2.7/spring-web-6.2.7.jar:/home/meudm/.m2/repository/org/springframework/spring-beans/6.2.7/spring-beans-6.2.7.jar:/home/meudm/.m2/repository/org/springframework/spring-webmvc/6.2.7/spring-webmvc-6.2.7.jar:/home/meudm/.m2/repository/org/springframework/spring-aop/6.2.7/spring-aop-6.2.7.jar:/home/meudm/.m2/repository/org/springframework/spring-expression/6.2.7/spring-expression-6.2.7.jar:/home/meudm/.m2/repository/org/springframework/kafka/spring-kafka/3.3.6/spring-kafka-3.3.6.jar:/home/meudm/.m2/repository/org/springframework/spring-context/6.2.7/spring-context-6.2.7.jar:/home/meudm/.m2/repository/org/springframework/spring-messaging/6.2.7/spring-messaging-6.2.7.jar:/home/meudm/.m2/repository/org/springframework/spring-tx/6.2.7/spring-tx-6.2.7.jar:/home/meudm/.m2/repository/org/springframework/retry/spring-retry/2.0.12/spring-retry-2.0.12.jar:/home/meudm/.m2/repository/io/micrometer/micrometer-observation/1.14.7/micrometer-observation-1.14.7.jar:/home/meudm/.m2/repository/io/micrometer/micrometer-commons/1.14.7/micrometer-commons-1.14.7.jar:/home/meudm/.m2/repository/org/springframework/boot/spring-boot-devtools/3.4.6/spring-boot-devtools-3.4.6.jar:/home/meudm/.m2/repository/org/springframework/boot/spring-boot/3.4.6/spring-boot-3.4.6.jar:/home/meudm/.m2/repository/org/springframework/boot/spring-boot-autoconfigure/3.4.6/spring-boot-autoconfigure-3.4.6.jar:/home/meudm/.m2/repository/org/projectlombok/lombok/1.18.38/lombok-1.18.38.jar:/home/meudm/.m2/repository/org/springframework/boot/spring-boot-starter-test/3.4.6/spring-boot-starter-test-3.4.6.jar:/home/meudm/.m2/repository/org/springframework/boot/spring-boot-test/3.4.6/spring-boot-test-3.4.6.jar:/home/meudm/.m2/repository/org/springframework/boot/spring-boot-test-autoconfigure/3.4.6/spring-boot-test-autoconfigure-3.4.6.jar:/home/meudm/.m2/repository/com/jayway/jsonpath/json-path/2.9.0/json-path-2.9.0.jar:/home/meudm/.m2/repository/jakarta/xml/bind/jakarta.xml.bind-api/4.0.2/jakarta.xml.bind-api-4.0.2.jar:/home/meudm/.m2/repository/jakarta/activation/jakarta.activation-api/2.1.3/jakarta.activation-api-2.1.3.jar:/home/meudm/.m2/repository/net/minidev/json-smart/2.5.2/json-smart-2.5.2.jar:/home/meudm/.m2/repository/net/minidev/accessors-smart/2.5.2/accessors-smart-2.5.2.jar:/home/meudm/.m2/repository/org/ow2/asm/asm/9.7.1/asm-9.7.1.jar:/home/meudm/.m2/repository/org/assertj/assertj-core/3.26.3/assertj-core-3.26.3.jar:/home/meudm/.m2/repository/net/bytebuddy/byte-buddy/1.15.11/byte-buddy-1.15.11.jar:/home/meudm/.m2/repository/org/awaitility/awaitility/4.2.2/awaitility-4.2.2.jar:/home/meudm/.m2/repository/org/hamcrest/hamcrest/2.2/hamcrest-2.2.jar:/home/meudm/.m2/repository/org/junit/jupiter/junit-jupiter/5.11.4/junit-jupiter-5.11.4.jar:/home/meudm/.m2/repository/org/junit/jupiter/junit-jupiter-params/5.11.4/junit-jupiter-params-5.11.4.jar:/home/meudm/.m2/repository/org/junit/jupiter/junit-jupiter-engine/5.11.4/junit-jupiter-engine-5.11.4.jar:/home/meudm/.m2/repository/org/mockito/mockito-core/5.14.2/mockito-core-5.14.2.jar:/home/meudm/.m2/repository/net/bytebuddy/byte-buddy-agent/1.15.11/byte-buddy-agent-1.15.11.jar:/home/meudm/.m2/repository/org/objenesis/objenesis/3.3/objenesis-3.3.jar:/home/meudm/.m2/repository/org/mockito/mockito-junit-jupiter/5.14.2/mockito-junit-jupiter-5.14.2.jar:/home/meudm/.m2/repository/org/skyscreamer/jsonassert/1.5.3/jsonassert-1.5.3.jar:/home/meudm/.m2/repository/com/vaadin/external/google/android-json/0.0.20131108.vaadin1/android-json-0.0.20131108.vaadin1.jar:/home/meudm/.m2/repository/org/springframework/spring-core/6.2.7/spring-core-6.2.7.jar:/home/meudm/.m2/repository/org/springframework/spring-jcl/6.2.7/spring-jcl-6.2.7.jar:/home/meudm/.m2/repository/org/springframework/spring-test/6.2.7/spring-test-6.2.7.jar:/home/meudm/.m2/repository/org/xmlunit/xmlunit-core/2.10.1/xmlunit-core-2.10.1.jar:/home/meudm/.m2/repository/org/springframework/kafka/spring-kafka-test/3.3.6/spring-kafka-test-3.3.6.jar:/home/meudm/.m2/repository/org/apache/zookeeper/zookeeper/3.8.4/zookeeper-3.8.4.jar:/home/meudm/.m2/repository/org/apache/zookeeper/zookeeper-jute/3.8.4/zookeeper-jute-3.8.4.jar:/home/meudm/.m2/repository/org/apache/yetus/audience-annotations/0.12.0/audience-annotations-0.12.0.jar:/home/meudm/.m2/repository/io/netty/netty-handler/4.1.121.Final/netty-handler-4.1.121.Final.jar:/home/meudm/.m2/repository/io/netty/netty-common/4.1.121.Final/netty-common-4.1.121.Final.jar:/home/meudm/.m2/repository/io/netty/netty-resolver/4.1.121.Final/netty-resolver-4.1.121.Final.jar:/home/meudm/.m2/repository/io/netty/netty-buffer/4.1.121.Final/netty-buffer-4.1.121.Final.jar:/home/meudm/.m2/repository/io/netty/netty-transport/4.1.121.Final/netty-transport-4.1.121.Final.jar:/home/meudm/.m2/repository/io/netty/netty-transport-native-unix-common/4.1.121.Final/netty-transport-native-unix-common-4.1.121.Final.jar:/home/meudm/.m2/repository/io/netty/netty-codec/4.1.121.Final/netty-codec-4.1.121.Final.jar:/home/meudm/.m2/repository/io/netty/netty-transport-native-epoll/4.1.121.Final/netty-transport-native-epoll-4.1.121.Final.jar:/home/meudm/.m2/repository/io/netty/netty-transport-classes-epoll/4.1.121.Final/netty-transport-classes-epoll-4.1.121.Final.jar:/home/meudm/.m2/repository/ch/qos/logback/logback-core/1.5.18/logback-core-1.5.18.jar:/home/meudm/.m2/repository/ch/qos/logback/logback-classic/1.5.18/logback-classic-1.5.18.jar:/home/meudm/.m2/repository/commons-io/commons-io/2.11.0/commons-io-2.11.0.jar:/home/meudm/.m2/repository/org/apache/kafka/kafka-clients/3.8.1/kafka-clients-3.8.1-test.jar:/home/meudm/.m2/repository/org/apache/kafka/kafka-server/3.8.1/kafka-server-3.8.1.jar:/home/meudm/.m2/repository/org/apache/kafka/kafka-group-coordinator/3.8.1/kafka-group-coordinator-3.8.1.jar:/home/meudm/.m2/repository/org/apache/kafka/kafka-transaction-coordinator/3.8.1/kafka-transaction-coordinator-3.8.1.jar:/home/meudm/.m2/repository/org/apache/kafka/kafka-raft/3.8.1/kafka-raft-3.8.1.jar:/home/meudm/.m2/repository/com/yammer/metrics/metrics-core/2.2.0/metrics-core-2.2.0.jar:/home/meudm/.m2/repository/org/apache/kafka/kafka-metadata/3.8.1/kafka-metadata-3.8.1.jar:/home/meudm/.m2/repository/org/apache/kafka/kafka-server-common/3.8.1/kafka-server-common-3.8.1.jar:/home/meudm/.m2/repository/net/sf/jopt-simple/jopt-simple/5.0.4/jopt-simple-5.0.4.jar:/home/meudm/.m2/repository/org/pcollections/pcollections/4.0.1/pcollections-4.0.1.jar:/home/meudm/.m2/repository/org/apache/kafka/kafka-server-common/3.8.1/kafka-server-common-3.8.1-test.jar:/home/meudm/.m2/repository/org/apache/kafka/kafka-streams-test-utils/3.8.1/kafka-streams-test-utils-3.8.1.jar:/home/meudm/.m2/repository/org/apache/kafka/kafka_2.13/3.8.1/kafka_2.13-3.8.1.jar:/home/meudm/.m2/repository/org/scala-lang/scala-library/2.13.14/scala-library-2.13.14.jar:/home/meudm/.m2/repository/org/apache/kafka/kafka-group-coordinator-api/3.8.1/kafka-group-coordinator-api-3.8.1.jar:/home/meudm/.m2/repository/org/apache/kafka/kafka-storage-api/3.8.1/kafka-storage-api-3.8.1.jar:/home/meudm/.m2/repository/org/apache/kafka/kafka-tools-api/3.8.1/kafka-tools-api-3.8.1.jar:/home/meudm/.m2/repository/org/apache/kafka/kafka-storage/3.8.1/kafka-storage-3.8.1.jar:/home/meudm/.m2/repository/com/github/ben-manes/caffeine/caffeine/3.1.8/caffeine-3.1.8.jar:/home/meudm/.m2/repository/org/checkerframework/checker-qual/3.37.0/checker-qual-3.37.0.jar:/home/meudm/.m2/repository/com/google/errorprone/error_prone_annotations/2.21.1/error_prone_annotations-2.21.1.jar:/home/meudm/.m2/repository/net/sourceforge/argparse4j/argparse4j/0.7.0/argparse4j-0.7.0.jar:/home/meudm/.m2/repository/commons-validator/commons-validator/1.7/commons-validator-1.7.jar:/home/meudm/.m2/repository/commons-beanutils/commons-beanutils/1.9.4/commons-beanutils-1.9.4.jar:/home/meudm/.m2/repository/commons-digester/commons-digester/2.1/commons-digester-2.1.jar:/home/meudm/.m2/repository/commons-collections/commons-collections/3.2.2/commons-collections-3.2.2.jar:/home/meudm/.m2/repository/com/fasterxml/jackson/module/jackson-module-scala_2.13/2.18.4/jackson-module-scala_2.13-2.18.4.jar:/home/meudm/.m2/repository/com/thoughtworks/paranamer/paranamer/2.8/paranamer-2.8.jar:/home/meudm/.m2/repository/com/fasterxml/jackson/dataformat/jackson-dataformat-csv/2.18.4/jackson-dataformat-csv-2.18.4.jar:/home/meudm/.m2/repository/org/bitbucket/b_c/jose4j/0.9.4/jose4j-0.9.4.jar:/home/meudm/.m2/repository/org/scala-lang/modules/scala-collection-compat_2.13/2.10.0/scala-collection-compat_2.13-2.10.0.jar:/home/meudm/.m2/repository/org/scala-lang/modules/scala-java8-compat_2.13/1.0.2/scala-java8-compat_2.13-1.0.2.jar:/home/meudm/.m2/repository/org/scala-lang/scala-reflect/2.13.14/scala-reflect-2.13.14.jar:/home/meudm/.m2/repository/com/typesafe/scala-logging/scala-logging_2.13/3.9.4/scala-logging_2.13-3.9.4.jar:/home/meudm/.m2/repository/io/dropwizard/metrics/metrics-core/4.1.12.1/metrics-core-4.1.12.1.jar:/home/meudm/.m2/repository/commons-cli/commons-cli/1.4/commons-cli-1.4.jar:/home/meudm/.m2/repository/org/apache/kafka/kafka_2.13/3.8.1/kafka_2.13-3.8.1-test.jar:/home/meudm/.m2/repository/org/junit/jupiter/junit-jupiter-api/5.11.4/junit-jupiter-api-5.11.4.jar:/home/meudm/.m2/repository/org/opentest4j/opentest4j/1.3.0/opentest4j-1.3.0.jar:/home/meudm/.m2/repository/org/junit/platform/junit-platform-commons/1.11.4/junit-platform-commons-1.11.4.jar:/home/meudm/.m2/repository/org/apiguardian/apiguardian-api/1.1.2/apiguardian-api-1.1.2.jar:/home/meudm/.m2/repository/org/junit/platform/junit-platform-launcher/1.11.4/junit-platform-launcher-1.11.4.jar:/home/meudm/.m2/repository/org/junit/platform/junit-platform-engine/1.11.4/junit-platform-engine-1.11.4.jar:/home/meudm/.m2/repository/org/apache/kafka/kafka-clients/3.8.1/kafka-clients-3.8.1.jar:/home/meudm/.m2/repository/com/github/luben/zstd-jni/1.5.6-4/zstd-jni-1.5.6-4.jar:/home/meudm/.m2/repository/org/lz4/lz4-java/1.8.0/lz4-java-1.8.0.jar:/home/meudm/.m2/repository/org/xerial/snappy/snappy-java/1.1.10.5/snappy-java-1.1.10.5.jar:/home/meudm/.m2/repository/org/slf4j/slf4j-api/2.0.17/slf4j-api-2.0.17.jar:/home/meudm/.m2/repository/org/springframework/boot/spring-boot-starter-webflux/3.4.6/spring-boot-starter-webflux-3.4.6.jar:/home/meudm/.m2/repository/org/springframework/boot/spring-boot-starter-reactor-netty/3.4.6/spring-boot-starter-reactor-netty-3.4.6.jar:/home/meudm/.m2/repository/io/projectreactor/netty/reactor-netty-http/1.2.6/reactor-netty-http-1.2.6.jar:/home/meudm/.m2/repository/io/netty/netty-codec-http/4.1.121.Final/netty-codec-http-4.1.121.Final.jar:/home/meudm/.m2/repository/io/netty/netty-codec-http2/4.1.121.Final/netty-codec-http2-4.1.121.Final.jar:/home/meudm/.m2/repository/io/netty/netty-resolver-dns/4.1.121.Final/netty-resolver-dns-4.1.121.Final.jar:/home/meudm/.m2/repository/io/netty/netty-codec-dns/4.1.121.Final/netty-codec-dns-4.1.121.Final.jar:/home/meudm/.m2/repository/io/netty/netty-resolver-dns-native-macos/4.1.121.Final/netty-resolver-dns-native-macos-4.1.121.Final-osx-x86_64.jar:/home/meudm/.m2/repository/io/netty/netty-resolver-dns-classes-macos/4.1.121.Final/netty-resolver-dns-classes-macos-4.1.121.Final.jar:/home/meudm/.m2/repository/io/netty/netty-transport-native-epoll/4.1.121.Final/netty-transport-native-epoll-4.1.121.Final-linux-x86_64.jar:/home/meudm/.m2/repository/io/projectreactor/netty/reactor-netty-core/1.2.6/reactor-netty-core-1.2.6.jar:/home/meudm/.m2/repository/io/netty/netty-handler-proxy/4.1.121.Final/netty-handler-proxy-4.1.121.Final.jar:/home/meudm/.m2/repository/io/netty/netty-codec-socks/4.1.121.Final/netty-codec-socks-4.1.121.Final.jar:/home/meudm/.m2/repository/org/springframework/spring-webflux/6.2.7/spring-webflux-6.2.7.jar:/home/meudm/.m2/repository/io/projectreactor/reactor-core/3.7.6/reactor-core-3.7.6.jar:/home/meudm/.m2/repository/org/reactivestreams/reactive-streams/1.0.4/reactive-streams-1.0.4.jar:/home/meudm/.m2/repository/org/springframework/boot/spring-boot-starter-actuator/3.4.6/spring-boot-starter-actuator-3.4.6.jar:/home/meudm/.m2/repository/org/springframework/boot/spring-boot-actuator-autoconfigure/3.4.6/spring-boot-actuator-autoconfigure-3.4.6.jar:/home/meudm/.m2/repository/org/springframework/boot/spring-boot-actuator/3.4.6/spring-boot-actuator-3.4.6.jar:/home/meudm/.m2/repository/io/micrometer/micrometer-jakarta9/1.14.7/micrometer-jakarta9-1.14.7.jar:/home/meudm/.m2/repository/io/micrometer/micrometer-core/1.14.7/micrometer-core-1.14.7.jar:/home/meudm/.m2/repository/org/hdrhistogram/HdrHistogram/2.2.2/HdrHistogram-2.2.2.jar:/home/meudm/.m2/repository/org/latencyutils/LatencyUtils/2.0.3/LatencyUtils-2.0.3.jar:/home/meudm/.m2/repository/com/google/code/gson/gson/2.10.1/gson-2.10.1.jar:/home/meudm/.m2/repository/org/apache/kafka/kafka-streams/3.8.1/kafka-streams-3.8.1.jar:/home/meudm/.m2/repository/org/rocksdb/rocksdbjni/7.9.2/rocksdbjni-7.9.2.jar:/home/meudm/.m2/repository/com/fasterxml/jackson/core/jackson-annotations/2.18.4/jackson-annotations-2.18.4.jar:/home/meudm/.m2/repository/com/fasterxml/jackson/core/jackson-databind/2.18.4/jackson-databind-2.18.4.jar:/home/meudm/.m2/repository/com/fasterxml/jackson/core/jackson-core/2.18.4/jackson-core-2.18.4.jar:"/>
    <property name="sun.cpu.endian" value="little"/>
    <property name="user.home" value="/home/meudm"/>
    <property name="user.language" value="en"/>
    <property name="java.specification.vendor" value="Oracle Corporation"/>
    <property name="java.version.date" value="2025-04-15"/>
    <property name="java.home" value="/usr/lib/jvm/java-21-openjdk-amd64"/>
    <property name="file.separator" value="/"/>
    <property name="basedir" value="/mnt/01D8D4FB872972F0/Life/collage/collage_labs/year_3/term2/DDIA/project/Weather-Stations-Monitor/weather_station/DDIAProject"/>
    <property name="java.vm.compressedOopsMode" value="32-bit"/>
    <property name="line.separator" value="&#10;"/>
    <property name="java.vm.specification.vendor" value="Oracle Corporation"/>
    <property name="java.specification.name" value="Java Platform API Specification"/>
    <property name="FILE_LOG_CHARSET" value="UTF-8"/>
    <property name="java.awt.headless" value="true"/>
    <property name="surefire.real.class.path" value="/mnt/01D8D4FB872972F0/Life/collage/collage_labs/year_3/term2/DDIA/project/Weather-Stations-Monitor/weather_station/DDIAProject/target/surefire/surefirebooter-20250526085452432_3.jar"/>
    <property name="sun.management.compiler" value="HotSpot 64-Bit Tiered Compilers"/>
    <property name="java.runtime.version" value="21.0.7+6-Ubuntu-0ubuntu122.04"/>
    <property name="user.name" value="meudm"/>
    <property name="stdout.encoding" value="UTF-8"/>
    <property name="path.separator" value=":"/>
    <property name="os.version" value="6.8.0-59-generic"/>
    <property name="java.runtime.name" value="OpenJDK Runtime Environment"/>
    <property name="file.encoding" value="UTF-8"/>
    <property name="java.vm.name" value="OpenJDK 64-Bit Server VM"/>
    <property name="localRepository" value="/home/meudm/.m2/repository"/>
    <property name="java.vendor.url.bug" value="https://bugs.launchpad.net/ubuntu/+source/openjdk-21"/>
    <property name="java.io.tmpdir" value="/tmp"/>
    <property name="idea.version" value="2024.2.4"/>
    <property name="java.version" value="21.0.7"/>
    <property name="user.dir" value="/mnt/01D8D4FB872972F0/Life/collage/collage_labs/year_3/term2/DDIA/project/Weather-Stations-Monitor/weather_station/DDIAProject"/>
    <property name="os.arch" value="amd64"/>
    <property name="java.vm.specification.name" value="Java Virtual Machine Specification"/>
    <property name="PID" value="87132"/>
    <property name="CONSOLE_LOG_CHARSET" value="UTF-8"/>
    <property name="native.encoding" value="UTF-8"/>
    <property name="java.library.path" value="/usr/java/packages/lib:/usr/lib/x86_64-linux-gnu/jni:/lib/x86_64-linux-gnu:/usr/lib/x86_64-linux-gnu:/usr/lib/jni:/lib:/usr/lib"/>
    <property name="java.vm.info" value="mixed mode, sharing"/>
    <property name="stderr.encoding" value="UTF-8"/>
    <property name="java.vendor" value="Ubuntu"/>
    <property name="java.vm.version" value="21.0.7+6-Ubuntu-0ubuntu122.04"/>
    <property name="sun.io.unicode.encoding" value="UnicodeLittle"/>
    <property name="java.class.version" value="65.0"/>
    <property name="LOGGED_APPLICATION_NAME" value="[DDIAProject] "/>
  </properties>
  <testcase name="contextLoads" classname="com.example.DDIAProject.DdiaProjectApplicationTests" time="0.683">
    <system-out><![CDATA[08:54:53.548 [main] INFO org.springframework.test.context.support.AnnotationConfigContextLoaderUtils -- Could not detect default configuration classes for test class [com.example.DDIAProject.DdiaProjectApplicationTests]: DdiaProjectApplicationTests does not declare any static, non-private, non-final, nested classes annotated with @Configuration.
08:54:53.726 [main] INFO org.springframework.boot.test.context.SpringBootTestContextBootstrapper -- Found @SpringBootConfiguration com.example.DDIAProject.DdiaProjectApplication for test class com.example.DDIAProject.DdiaProjectApplicationTests
08:54:54.029 [main] INFO org.springframework.boot.devtools.restart.RestartApplicationListener -- Restart disabled due to context in which it is running

  .   ____          _            __ _ _
 /\\ / ___'_ __ _ _(_)_ __  __ _ \ \ \ \
( ( )\___ | '_ | '_| | '_ \/ _` | \ \ \ \
 \\/  ___)| |_)| | | | | || (_| |  ) ) ) )
  '  |____| .__|_| |_|_| |_\__, | / / / /
 =========|_|==============|___/=/_/_/_/

 :: Spring Boot ::                (v3.4.6)

2025-05-26T08:54:54.392+03:00  INFO 87132 --- [DDIAProject] [           main] c.e.D.DdiaProjectApplicationTests        : Starting DdiaProjectApplicationTests using Java 21.0.7 with PID 87132 (started by meudm in /mnt/01D8D4FB872972F0/Life/collage/collage_labs/year_3/term2/DDIA/project/Weather-Stations-Monitor/weather_station/DDIAProject)
2025-05-26T08:54:54.393+03:00  INFO 87132 --- [DDIAProject] [           main] c.e.D.DdiaProjectApplicationTests        : No active profile set, falling back to 1 default profile: "default"
2025-05-26T08:54:55.845+03:00  INFO 87132 --- [DDIAProject] [           main] o.a.k.clients.producer.ProducerConfig    : ProducerConfig values: 
	acks = -1
	auto.include.jmx.reporter = true
	batch.size = 16384
	bootstrap.servers = [localhost:9092]
	buffer.memory = 33554432
	client.dns.lookup = use_all_dns_ips
	client.id = producer-1
	compression.gzip.level = -1
	compression.lz4.level = 9
	compression.type = none
	compression.zstd.level = 3
	connections.max.idle.ms = 540000
	delivery.timeout.ms = 120000
	enable.idempotence = true
	enable.metrics.push = true
	interceptor.classes = []
	key.serializer = class org.apache.kafka.common.serialization.StringSerializer
	linger.ms = 0
	max.block.ms = 60000
	max.in.flight.requests.per.connection = 5
	max.request.size = 1048576
	metadata.max.age.ms = 300000
	metadata.max.idle.ms = 300000
	metadata.recovery.strategy = none
	metric.reporters = []
	metrics.num.samples = 2
	metrics.recording.level = INFO
	metrics.sample.window.ms = 30000
	partitioner.adaptive.partitioning.enable = true
	partitioner.availability.timeout.ms = 0
	partitioner.class = null
	partitioner.ignore.keys = false
	receive.buffer.bytes = 32768
	reconnect.backoff.max.ms = 1000
	reconnect.backoff.ms = 50
	request.timeout.ms = 30000
	retries = 2147483647
	retry.backoff.max.ms = 1000
	retry.backoff.ms = 100
	sasl.client.callback.handler.class = null
	sasl.jaas.config = null
	sasl.kerberos.kinit.cmd = /usr/bin/kinit
	sasl.kerberos.min.time.before.relogin = 60000
	sasl.kerberos.service.name = null
	sasl.kerberos.ticket.renew.jitter = 0.05
	sasl.kerberos.ticket.renew.window.factor = 0.8
	sasl.login.callback.handler.class = null
	sasl.login.class = null
	sasl.login.connect.timeout.ms = null
	sasl.login.read.timeout.ms = null
	sasl.login.refresh.buffer.seconds = 300
	sasl.login.refresh.min.period.seconds = 60
	sasl.login.refresh.window.factor = 0.8
	sasl.login.refresh.window.jitter = 0.05
	sasl.login.retry.backoff.max.ms = 10000
	sasl.login.retry.backoff.ms = 100
	sasl.mechanism = GSSAPI
	sasl.oauthbearer.clock.skew.seconds = 30
	sasl.oauthbearer.expected.audience = null
	sasl.oauthbearer.expected.issuer = null
	sasl.oauthbearer.jwks.endpoint.refresh.ms = 3600000
	sasl.oauthbearer.jwks.endpoint.retry.backoff.max.ms = 10000
	sasl.oauthbearer.jwks.endpoint.retry.backoff.ms = 100
	sasl.oauthbearer.jwks.endpoint.url = null
	sasl.oauthbearer.scope.claim.name = scope
	sasl.oauthbearer.sub.claim.name = sub
	sasl.oauthbearer.token.endpoint.url = null
	security.protocol = PLAINTEXT
	security.providers = null
	send.buffer.bytes = 131072
	socket.connection.setup.timeout.max.ms = 30000
	socket.connection.setup.timeout.ms = 10000
	ssl.cipher.suites = null
	ssl.enabled.protocols = [TLSv1.2, TLSv1.3]
	ssl.endpoint.identification.algorithm = https
	ssl.engine.factory.class = null
	ssl.key.password = null
	ssl.keymanager.algorithm = SunX509
	ssl.keystore.certificate.chain = null
	ssl.keystore.key = null
	ssl.keystore.location = null
	ssl.keystore.password = null
	ssl.keystore.type = JKS
	ssl.protocol = TLSv1.3
	ssl.provider = null
	ssl.secure.random.implementation = null
	ssl.trustmanager.algorithm = PKIX
	ssl.truststore.certificates = null
	ssl.truststore.location = null
	ssl.truststore.password = null
	ssl.truststore.type = JKS
	transaction.timeout.ms = 60000
	transactional.id = null
	value.serializer = class org.apache.kafka.common.serialization.StringSerializer

2025-05-26T08:54:55.885+03:00  INFO 87132 --- [DDIAProject] [           main] o.a.k.c.t.i.KafkaMetricsCollector        : initializing Kafka metrics collector
2025-05-26T08:54:56.079+03:00  INFO 87132 --- [DDIAProject] [           main] o.a.k.clients.producer.KafkaProducer     : [Producer clientId=producer-1] Instantiated an idempotent producer.
2025-05-26T08:54:56.158+03:00  INFO 87132 --- [DDIAProject] [           main] o.a.kafka.common.utils.AppInfoParser     : Kafka version: 3.8.1
2025-05-26T08:54:56.161+03:00  INFO 87132 --- [DDIAProject] [           main] o.a.kafka.common.utils.AppInfoParser     : Kafka commitId: 70d6ff42debf7e17
2025-05-26T08:54:56.161+03:00  INFO 87132 --- [DDIAProject] [           main] o.a.kafka.common.utils.AppInfoParser     : Kafka startTimeMs: 1748238896155
2025-05-26T08:54:56.461+03:00  INFO 87132 --- [DDIAProject] [ad | producer-1] org.apache.kafka.clients.NetworkClient   : [Producer clientId=producer-1] Node -1 disconnected.
2025-05-26T08:54:56.464+03:00  WARN 87132 --- [DDIAProject] [ad | producer-1] org.apache.kafka.clients.NetworkClient   : [Producer clientId=producer-1] Connection to node -1 (localhost/127.0.0.1:9092) could not be established. Node may not be available.
2025-05-26T08:54:56.465+03:00  WARN 87132 --- [DDIAProject] [ad | producer-1] org.apache.kafka.clients.NetworkClient   : [Producer clientId=producer-1] Bootstrap broker localhost:9092 (id: -1 rack: null) disconnected
2025-05-26T08:54:56.569+03:00  INFO 87132 --- [DDIAProject] [ad | producer-1] org.apache.kafka.clients.NetworkClient   : [Producer clientId=producer-1] Node -1 disconnected.
2025-05-26T08:54:56.569+03:00  WARN 87132 --- [DDIAProject] [ad | producer-1] org.apache.kafka.clients.NetworkClient   : [Producer clientId=producer-1] Connection to node -1 (localhost/127.0.0.1:9092) could not be established. Node may not be available.
2025-05-26T08:54:56.569+03:00  WARN 87132 --- [DDIAProject] [ad | producer-1] org.apache.kafka.clients.NetworkClient   : [Producer clientId=producer-1] Bootstrap broker localhost:9092 (id: -1 rack: null) disconnected
2025-05-26T08:54:56.670+03:00  INFO 87132 --- [DDIAProject] [ad | producer-1] org.apache.kafka.clients.NetworkClient   : [Producer clientId=producer-1] Node -1 disconnected.
2025-05-26T08:54:56.671+03:00  WARN 87132 --- [DDIAProject] [ad | producer-1] org.apache.kafka.clients.NetworkClient   : [Producer clientId=producer-1] Connection to node -1 (localhost/127.0.0.1:9092) could not be established. Node may not be available.
2025-05-26T08:54:56.671+03:00  WARN 87132 --- [DDIAProject] [ad | producer-1] org.apache.kafka.clients.NetworkClient   : [Producer clientId=producer-1] Bootstrap broker localhost:9092 (id: -1 rack: null) disconnected
2025-05-26T08:54:56.923+03:00  INFO 87132 --- [DDIAProject] [ad | producer-1] org.apache.kafka.clients.NetworkClient   : [Producer clientId=producer-1] Node -1 disconnected.
2025-05-26T08:54:56.932+03:00  WARN 87132 --- [DDIAProject] [ad | producer-1] org.apache.kafka.clients.NetworkClient   : [Producer clientId=producer-1] Connection to node -1 (localhost/127.0.0.1:9092) could not be established. Node may not be available.
2025-05-26T08:54:56.933+03:00  WARN 87132 --- [DDIAProject] [ad | producer-1] org.apache.kafka.clients.NetworkClient   : [Producer clientId=producer-1] Bootstrap broker localhost:9092 (id: -1 rack: null) disconnected
2025-05-26T08:54:57.223+03:00  INFO 87132 --- [DDIAProject] [           main] o.s.b.a.e.web.EndpointLinksResolver      : Exposing 1 endpoint beneath base path '/actuator'
2025-05-26T08:54:57.349+03:00  INFO 87132 --- [DDIAProject] [ad | producer-1] org.apache.kafka.clients.NetworkClient   : [Producer clientId=producer-1] Node -1 disconnected.
2025-05-26T08:54:57.349+03:00  WARN 87132 --- [DDIAProject] [ad | producer-1] org.apache.kafka.clients.NetworkClient   : [Producer clientId=producer-1] Connection to node -1 (localhost/127.0.0.1:9092) could not be established. Node may not be available.
2025-05-26T08:54:57.349+03:00  WARN 87132 --- [DDIAProject] [ad | producer-1] org.apache.kafka.clients.NetworkClient   : [Producer clientId=producer-1] Bootstrap broker localhost:9092 (id: -1 rack: null) disconnected
2025-05-26T08:54:57.378+03:00  INFO 87132 --- [DDIAProject] [           main] c.e.D.DdiaProjectApplicationTests        : Started DdiaProjectApplicationTests in 3.367 seconds (process running for 4.874)
Program Started
2025-05-26T08:54:57.400+03:00  INFO 87132 --- [DDIAProject] [           main] o.a.k.clients.consumer.ConsumerConfig    : ConsumerConfig values: 
	allow.auto.create.topics = true
	auto.commit.interval.ms = 5000
	auto.include.jmx.reporter = true
	auto.offset.reset = earliest
	bootstrap.servers = [10.104.239.35:9092]
	check.crcs = true
	client.dns.lookup = use_all_dns_ips
	client.id = consumer-bb007fbf-c45b-4b2f-b892-912db85a707d-1
	client.rack = 
	connections.max.idle.ms = 540000
	default.api.timeout.ms = 60000
	enable.auto.commit = true
	enable.metrics.push = true
	exclude.internal.topics = true
	fetch.max.bytes = 52428800
	fetch.max.wait.ms = 500
	fetch.min.bytes = 1
	group.id = bb007fbf-c45b-4b2f-b892-912db85a707d
	group.instance.id = null
	group.protocol = classic
	group.remote.assignor = null
	heartbeat.interval.ms = 3000
	interceptor.classes = []
	internal.leave.group.on.close = true
	internal.throw.on.fetch.stable.offset.unsupported = false
	isolation.level = read_uncommitted
	key.deserializer = class org.apache.kafka.common.serialization.StringDeserializer
	max.partition.fetch.bytes = 1048576
	max.poll.interval.ms = 300000
	max.poll.records = 500
	metadata.max.age.ms = 300000
	metadata.recovery.strategy = none
	metric.reporters = []
	metrics.num.samples = 2
	metrics.recording.level = INFO
	metrics.sample.window.ms = 30000
	partition.assignment.strategy = [class org.apache.kafka.clients.consumer.RangeAssignor, class org.apache.kafka.clients.consumer.CooperativeStickyAssignor]
	receive.buffer.bytes = 65536
	reconnect.backoff.max.ms = 1000
	reconnect.backoff.ms = 50
	request.timeout.ms = 30000
	retry.backoff.max.ms = 1000
	retry.backoff.ms = 100
	sasl.client.callback.handler.class = null
	sasl.jaas.config = null
	sasl.kerberos.kinit.cmd = /usr/bin/kinit
	sasl.kerberos.min.time.before.relogin = 60000
	sasl.kerberos.service.name = null
	sasl.kerberos.ticket.renew.jitter = 0.05
	sasl.kerberos.ticket.renew.window.factor = 0.8
	sasl.login.callback.handler.class = null
	sasl.login.class = null
	sasl.login.connect.timeout.ms = null
	sasl.login.read.timeout.ms = null
	sasl.login.refresh.buffer.seconds = 300
	sasl.login.refresh.min.period.seconds = 60
	sasl.login.refresh.window.factor = 0.8
	sasl.login.refresh.window.jitter = 0.05
	sasl.login.retry.backoff.max.ms = 10000
	sasl.login.retry.backoff.ms = 100
	sasl.mechanism = GSSAPI
	sasl.oauthbearer.clock.skew.seconds = 30
	sasl.oauthbearer.expected.audience = null
	sasl.oauthbearer.expected.issuer = null
	sasl.oauthbearer.jwks.endpoint.refresh.ms = 3600000
	sasl.oauthbearer.jwks.endpoint.retry.backoff.max.ms = 10000
	sasl.oauthbearer.jwks.endpoint.retry.backoff.ms = 100
	sasl.oauthbearer.jwks.endpoint.url = null
	sasl.oauthbearer.scope.claim.name = scope
	sasl.oauthbearer.sub.claim.name = sub
	sasl.oauthbearer.token.endpoint.url = null
	security.protocol = PLAINTEXT
	security.providers = null
	send.buffer.bytes = 131072
	session.timeout.ms = 45000
	socket.connection.setup.timeout.max.ms = 30000
	socket.connection.setup.timeout.ms = 10000
	ssl.cipher.suites = null
	ssl.enabled.protocols = [TLSv1.2, TLSv1.3]
	ssl.endpoint.identification.algorithm = https
	ssl.engine.factory.class = null
	ssl.key.password = null
	ssl.keymanager.algorithm = SunX509
	ssl.keystore.certificate.chain = null
	ssl.keystore.key = null
	ssl.keystore.location = null
	ssl.keystore.password = null
	ssl.keystore.type = JKS
	ssl.protocol = TLSv1.3
	ssl.provider = null
	ssl.secure.random.implementation = null
	ssl.trustmanager.algorithm = PKIX
	ssl.truststore.certificates = null
	ssl.truststore.location = null
	ssl.truststore.password = null
	ssl.truststore.type = JKS
	value.deserializer = class org.apache.kafka.common.serialization.StringDeserializer

2025-05-26T08:54:57.415+03:00  INFO 87132 --- [DDIAProject] [           main] o.a.k.c.t.i.KafkaMetricsCollector        : initializing Kafka metrics collector
2025-05-26T08:54:57.474+03:00  INFO 87132 --- [DDIAProject] [           main] o.a.kafka.common.utils.AppInfoParser     : Kafka version: 3.8.1
2025-05-26T08:54:57.474+03:00  INFO 87132 --- [DDIAProject] [           main] o.a.kafka.common.utils.AppInfoParser     : Kafka commitId: 70d6ff42debf7e17
2025-05-26T08:54:57.474+03:00  INFO 87132 --- [DDIAProject] [           main] o.a.kafka.common.utils.AppInfoParser     : Kafka startTimeMs: 1748238897474
2025-05-26T08:54:57.477+03:00  INFO 87132 --- [DDIAProject] [           main] o.a.k.c.c.internals.LegacyKafkaConsumer  : [Consumer clientId=consumer-bb007fbf-c45b-4b2f-b892-912db85a707d-1, groupId=bb007fbf-c45b-4b2f-b892-912db85a707d] Subscribed to topic(s): weather-raw, weather-dropped, weather-rain, weather-archive, weather-invalid
2025-05-26T08:54:58.308+03:00  INFO 87132 --- [DDIAProject] [ad | producer-1] org.apache.kafka.clients.NetworkClient   : [Producer clientId=producer-1] Node -1 disconnected.
2025-05-26T08:54:58.308+03:00  WARN 87132 --- [DDIAProject] [ad | producer-1] org.apache.kafka.clients.NetworkClient   : [Producer clientId=producer-1] Connection to node -1 (localhost/127.0.0.1:9092) could not be established. Node may not be available.
2025-05-26T08:54:58.308+03:00  WARN 87132 --- [DDIAProject] [ad | producer-1] org.apache.kafka.clients.NetworkClient   : [Producer clientId=producer-1] Bootstrap broker localhost:9092 (id: -1 rack: null) disconnected
2025-05-26T08:54:59.309+03:00  INFO 87132 --- [DDIAProject] [ad | producer-1] org.apache.kafka.clients.NetworkClient   : [Producer clientId=producer-1] Node -1 disconnected.
2025-05-26T08:54:59.309+03:00  WARN 87132 --- [DDIAProject] [ad | producer-1] org.apache.kafka.clients.NetworkClient   : [Producer clientId=producer-1] Connection to node -1 (localhost/127.0.0.1:9092) could not be established. Node may not be available.
2025-05-26T08:54:59.309+03:00  WARN 87132 --- [DDIAProject] [ad | producer-1] org.apache.kafka.clients.NetworkClient   : [Producer clientId=producer-1] Bootstrap broker localhost:9092 (id: -1 rack: null) disconnected
2025-05-26T08:55:00.318+03:00  INFO 87132 --- [DDIAProject] [ad | producer-1] org.apache.kafka.clients.NetworkClient   : [Producer clientId=producer-1] Node -1 disconnected.
2025-05-26T08:55:00.319+03:00  WARN 87132 --- [DDIAProject] [ad | producer-1] org.apache.kafka.clients.NetworkClient   : [Producer clientId=producer-1] Connection to node -1 (localhost/127.0.0.1:9092) could not be established. Node may not be available.
2025-05-26T08:55:00.319+03:00  WARN 87132 --- [DDIAProject] [ad | producer-1] org.apache.kafka.clients.NetworkClient   : [Producer clientId=producer-1] Bootstrap broker localhost:9092 (id: -1 rack: null) disconnected
2025-05-26T08:55:01.354+03:00  INFO 87132 --- [DDIAProject] [ad | producer-1] org.apache.kafka.clients.NetworkClient   : [Producer clientId=producer-1] Node -1 disconnected.
2025-05-26T08:55:01.354+03:00  WARN 87132 --- [DDIAProject] [ad | producer-1] org.apache.kafka.clients.NetworkClient   : [Producer clientId=producer-1] Connection to node -1 (localhost/127.0.0.1:9092) could not be established. Node may not be available.
2025-05-26T08:55:01.354+03:00  WARN 87132 --- [DDIAProject] [ad | producer-1] org.apache.kafka.clients.NetworkClient   : [Producer clientId=producer-1] Bootstrap broker localhost:9092 (id: -1 rack: null) disconnected
2025-05-26T08:55:02.287+03:00  INFO 87132 --- [DDIAProject] [ad | producer-1] org.apache.kafka.clients.NetworkClient   : [Producer clientId=producer-1] Node -1 disconnected.
2025-05-26T08:55:02.287+03:00  WARN 87132 --- [DDIAProject] [ad | producer-1] org.apache.kafka.clients.NetworkClient   : [Producer clientId=producer-1] Connection to node -1 (localhost/127.0.0.1:9092) could not be established. Node may not be available.
2025-05-26T08:55:02.288+03:00  WARN 87132 --- [DDIAProject] [ad | producer-1] org.apache.kafka.clients.NetworkClient   : [Producer clientId=producer-1] Bootstrap broker localhost:9092 (id: -1 rack: null) disconnected
2025-05-26T08:55:03.145+03:00  INFO 87132 --- [DDIAProject] [ad | producer-1] org.apache.kafka.clients.NetworkClient   : [Producer clientId=producer-1] Node -1 disconnected.
2025-05-26T08:55:03.145+03:00  WARN 87132 --- [DDIAProject] [ad | producer-1] org.apache.kafka.clients.NetworkClient   : [Producer clientId=producer-1] Connection to node -1 (localhost/127.0.0.1:9092) could not be established. Node may not be available.
2025-05-26T08:55:03.145+03:00  WARN 87132 --- [DDIAProject] [ad | producer-1] org.apache.kafka.clients.NetworkClient   : [Producer clientId=producer-1] Bootstrap broker localhost:9092 (id: -1 rack: null) disconnected
2025-05-26T08:55:04.145+03:00  INFO 87132 --- [DDIAProject] [ad | producer-1] org.apache.kafka.clients.NetworkClient   : [Producer clientId=producer-1] Node -1 disconnected.
2025-05-26T08:55:04.145+03:00  WARN 87132 --- [DDIAProject] [ad | producer-1] org.apache.kafka.clients.NetworkClient   : [Producer clientId=producer-1] Connection to node -1 (localhost/127.0.0.1:9092) could not be established. Node may not be available.
2025-05-26T08:55:04.145+03:00  WARN 87132 --- [DDIAProject] [ad | producer-1] org.apache.kafka.clients.NetworkClient   : [Producer clientId=producer-1] Bootstrap broker localhost:9092 (id: -1 rack: null) disconnected
2025-05-26T08:55:05.051+03:00  INFO 87132 --- [DDIAProject] [ad | producer-1] org.apache.kafka.clients.NetworkClient   : [Producer clientId=producer-1] Node -1 disconnected.
2025-05-26T08:55:05.052+03:00  WARN 87132 --- [DDIAProject] [ad | producer-1] org.apache.kafka.clients.NetworkClient   : [Producer clientId=producer-1] Connection to node -1 (localhost/127.0.0.1:9092) could not be established. Node may not be available.
2025-05-26T08:55:05.052+03:00  WARN 87132 --- [DDIAProject] [ad | producer-1] org.apache.kafka.clients.NetworkClient   : [Producer clientId=producer-1] Bootstrap broker localhost:9092 (id: -1 rack: null) disconnected
2025-05-26T08:55:05.941+03:00  INFO 87132 --- [DDIAProject] [           main] org.apache.kafka.clients.NetworkClient   : [Consumer clientId=consumer-bb007fbf-c45b-4b2f-b892-912db85a707d-1, groupId=bb007fbf-c45b-4b2f-b892-912db85a707d] Disconnecting from node -1 due to socket connection setup timeout. The timeout value is 8415 ms.
2025-05-26T08:55:05.942+03:00  WARN 87132 --- [DDIAProject] [           main] org.apache.kafka.clients.NetworkClient   : [Consumer clientId=consumer-bb007fbf-c45b-4b2f-b892-912db85a707d-1, groupId=bb007fbf-c45b-4b2f-b892-912db85a707d] Bootstrap broker 10.104.239.35:9092 (id: -1 rack: null) disconnected
2025-05-26T08:55:05.958+03:00  INFO 87132 --- [DDIAProject] [ad | producer-1] org.apache.kafka.clients.NetworkClient   : [Producer clientId=producer-1] Node -1 disconnected.
2025-05-26T08:55:05.959+03:00  WARN 87132 --- [DDIAProject] [ad | producer-1] org.apache.kafka.clients.NetworkClient   : [Producer clientId=producer-1] Connection to node -1 (localhost/127.0.0.1:9092) could not be established. Node may not be available.
2025-05-26T08:55:05.959+03:00  WARN 87132 --- [DDIAProject] [ad | producer-1] org.apache.kafka.clients.NetworkClient   : [Producer clientId=producer-1] Bootstrap broker localhost:9092 (id: -1 rack: null) disconnected
2025-05-26T08:55:06.959+03:00  INFO 87132 --- [DDIAProject] [ad | producer-1] org.apache.kafka.clients.NetworkClient   : [Producer clientId=producer-1] Node -1 disconnected.
2025-05-26T08:55:06.959+03:00  WARN 87132 --- [DDIAProject] [ad | producer-1] org.apache.kafka.clients.NetworkClient   : [Producer clientId=producer-1] Connection to node -1 (localhost/127.0.0.1:9092) could not be established. Node may not be available.
2025-05-26T08:55:06.959+03:00  WARN 87132 --- [DDIAProject] [ad | producer-1] org.apache.kafka.clients.NetworkClient   : [Producer clientId=producer-1] Bootstrap broker localhost:9092 (id: -1 rack: null) disconnected
2025-05-26T08:55:07.865+03:00  INFO 87132 --- [DDIAProject] [ad | producer-1] org.apache.kafka.clients.NetworkClient   : [Producer clientId=producer-1] Node -1 disconnected.
2025-05-26T08:55:07.866+03:00  WARN 87132 --- [DDIAProject] [ad | producer-1] org.apache.kafka.clients.NetworkClient   : [Producer clientId=producer-1] Connection to node -1 (localhost/127.0.0.1:9092) could not be established. Node may not be available.
2025-05-26T08:55:07.866+03:00  WARN 87132 --- [DDIAProject] [ad | producer-1] org.apache.kafka.clients.NetworkClient   : [Producer clientId=producer-1] Bootstrap broker localhost:9092 (id: -1 rack: null) disconnected
2025-05-26T08:55:08.721+03:00  INFO 87132 --- [DDIAProject] [ad | producer-1] org.apache.kafka.clients.NetworkClient   : [Producer clientId=producer-1] Node -1 disconnected.
2025-05-26T08:55:08.721+03:00  WARN 87132 --- [DDIAProject] [ad | producer-1] org.apache.kafka.clients.NetworkClient   : [Producer clientId=producer-1] Connection to node -1 (localhost/127.0.0.1:9092) could not be established. Node may not be available.
2025-05-26T08:55:08.721+03:00  WARN 87132 --- [DDIAProject] [ad | producer-1] org.apache.kafka.clients.NetworkClient   : [Producer clientId=producer-1] Bootstrap broker localhost:9092 (id: -1 rack: null) disconnected
2025-05-26T08:55:09.722+03:00  INFO 87132 --- [DDIAProject] [ad | producer-1] org.apache.kafka.clients.NetworkClient   : [Producer clientId=producer-1] Node -1 disconnected.
2025-05-26T08:55:09.722+03:00  WARN 87132 --- [DDIAProject] [ad | producer-1] org.apache.kafka.clients.NetworkClient   : [Producer clientId=producer-1] Connection to node -1 (localhost/127.0.0.1:9092) could not be established. Node may not be available.
2025-05-26T08:55:09.722+03:00  WARN 87132 --- [DDIAProject] [ad | producer-1] org.apache.kafka.clients.NetworkClient   : [Producer clientId=producer-1] Bootstrap broker localhost:9092 (id: -1 rack: null) disconnected
2025-05-26T08:55:10.723+03:00  INFO 87132 --- [DDIAProject] [ad | producer-1] org.apache.kafka.clients.NetworkClient   : [Producer clientId=producer-1] Node -1 disconnected.
2025-05-26T08:55:10.723+03:00  WARN 87132 --- [DDIAProject] [ad | producer-1] org.apache.kafka.clients.NetworkClient   : [Producer clientId=producer-1] Connection to node -1 (localhost/127.0.0.1:9092) could not be established. Node may not be available.
2025-05-26T08:55:10.724+03:00  WARN 87132 --- [DDIAProject] [ad | producer-1] org.apache.kafka.clients.NetworkClient   : [Producer clientId=producer-1] Bootstrap broker localhost:9092 (id: -1 rack: null) disconnected
2025-05-26T08:55:11.639+03:00  INFO 87132 --- [DDIAProject] [ad | producer-1] org.apache.kafka.clients.NetworkClient   : [Producer clientId=producer-1] Node -1 disconnected.
2025-05-26T08:55:11.640+03:00  WARN 87132 --- [DDIAProject] [ad | producer-1] org.apache.kafka.clients.NetworkClient   : [Producer clientId=producer-1] Connection to node -1 (localhost/127.0.0.1:9092) could not be established. Node may not be available.
2025-05-26T08:55:11.640+03:00  WARN 87132 --- [DDIAProject] [ad | producer-1] org.apache.kafka.clients.NetworkClient   : [Producer clientId=producer-1] Bootstrap broker localhost:9092 (id: -1 rack: null) disconnected
2025-05-26T08:55:12.640+03:00  INFO 87132 --- [DDIAProject] [ad | producer-1] org.apache.kafka.clients.NetworkClient   : [Producer clientId=producer-1] Node -1 disconnected.
2025-05-26T08:55:12.640+03:00  WARN 87132 --- [DDIAProject] [ad | producer-1] org.apache.kafka.clients.NetworkClient   : [Producer clientId=producer-1] Connection to node -1 (localhost/127.0.0.1:9092) could not be established. Node may not be available.
2025-05-26T08:55:12.641+03:00  WARN 87132 --- [DDIAProject] [ad | producer-1] org.apache.kafka.clients.NetworkClient   : [Producer clientId=producer-1] Bootstrap broker localhost:9092 (id: -1 rack: null) disconnected
2025-05-26T08:55:13.641+03:00  INFO 87132 --- [DDIAProject] [ad | producer-1] org.apache.kafka.clients.NetworkClient   : [Producer clientId=producer-1] Node -1 disconnected.
2025-05-26T08:55:13.642+03:00  WARN 87132 --- [DDIAProject] [ad | producer-1] org.apache.kafka.clients.NetworkClient   : [Producer clientId=producer-1] Connection to node -1 (localhost/127.0.0.1:9092) could not be established. Node may not be available.
2025-05-26T08:55:13.642+03:00  WARN 87132 --- [DDIAProject] [ad | producer-1] org.apache.kafka.clients.NetworkClient   : [Producer clientId=producer-1] Bootstrap broker localhost:9092 (id: -1 rack: null) disconnected
2025-05-26T08:55:14.548+03:00  INFO 87132 --- [DDIAProject] [ad | producer-1] org.apache.kafka.clients.NetworkClient   : [Producer clientId=producer-1] Node -1 disconnected.
2025-05-26T08:55:14.549+03:00  WARN 87132 --- [DDIAProject] [ad | producer-1] org.apache.kafka.clients.NetworkClient   : [Producer clientId=producer-1] Connection to node -1 (localhost/127.0.0.1:9092) could not be established. Node may not be available.
2025-05-26T08:55:14.549+03:00  WARN 87132 --- [DDIAProject] [ad | producer-1] org.apache.kafka.clients.NetworkClient   : [Producer clientId=producer-1] Bootstrap broker localhost:9092 (id: -1 rack: null) disconnected
2025-05-26T08:55:15.555+03:00  INFO 87132 --- [DDIAProject] [ad | producer-1] org.apache.kafka.clients.NetworkClient   : [Producer clientId=producer-1] Node -1 disconnected.
2025-05-26T08:55:15.555+03:00  WARN 87132 --- [DDIAProject] [ad | producer-1] org.apache.kafka.clients.NetworkClient   : [Producer clientId=producer-1] Connection to node -1 (localhost/127.0.0.1:9092) could not be established. Node may not be available.
2025-05-26T08:55:15.555+03:00  WARN 87132 --- [DDIAProject] [ad | producer-1] org.apache.kafka.clients.NetworkClient   : [Producer clientId=producer-1] Bootstrap broker localhost:9092 (id: -1 rack: null) disconnected
2025-05-26T08:55:16.557+03:00  INFO 87132 --- [DDIAProject] [ad | producer-1] org.apache.kafka.clients.NetworkClient   : [Producer clientId=producer-1] Node -1 disconnected.
2025-05-26T08:55:16.557+03:00  WARN 87132 --- [DDIAProject] [ad | producer-1] org.apache.kafka.clients.NetworkClient   : [Producer clientId=producer-1] Connection to node -1 (localhost/127.0.0.1:9092) could not be established. Node may not be available.
2025-05-26T08:55:16.557+03:00  WARN 87132 --- [DDIAProject] [ad | producer-1] org.apache.kafka.clients.NetworkClient   : [Producer clientId=producer-1] Bootstrap broker localhost:9092 (id: -1 rack: null) disconnected
2025-05-26T08:55:17.513+03:00  INFO 87132 --- [DDIAProject] [ad | producer-1] org.apache.kafka.clients.NetworkClient   : [Producer clientId=producer-1] Node -1 disconnected.
2025-05-26T08:55:17.514+03:00  WARN 87132 --- [DDIAProject] [ad | producer-1] org.apache.kafka.clients.NetworkClient   : [Producer clientId=producer-1] Connection to node -1 (localhost/127.0.0.1:9092) could not be established. Node may not be available.
2025-05-26T08:55:17.514+03:00  WARN 87132 --- [DDIAProject] [ad | producer-1] org.apache.kafka.clients.NetworkClient   : [Producer clientId=producer-1] Bootstrap broker localhost:9092 (id: -1 rack: null) disconnected
2025-05-26T08:55:18.417+03:00  INFO 87132 --- [DDIAProject] [ad | producer-1] org.apache.kafka.clients.NetworkClient   : [Producer clientId=producer-1] Node -1 disconnected.
2025-05-26T08:55:18.418+03:00  WARN 87132 --- [DDIAProject] [ad | producer-1] org.apache.kafka.clients.NetworkClient   : [Producer clientId=producer-1] Connection to node -1 (localhost/127.0.0.1:9092) could not be established. Node may not be available.
2025-05-26T08:55:18.418+03:00  WARN 87132 --- [DDIAProject] [ad | producer-1] org.apache.kafka.clients.NetworkClient   : [Producer clientId=producer-1] Bootstrap broker localhost:9092 (id: -1 rack: null) disconnected
2025-05-26T08:55:19.273+03:00  INFO 87132 --- [DDIAProject] [ad | producer-1] org.apache.kafka.clients.NetworkClient   : [Producer clientId=producer-1] Node -1 disconnected.
2025-05-26T08:55:19.273+03:00  WARN 87132 --- [DDIAProject] [ad | producer-1] org.apache.kafka.clients.NetworkClient   : [Producer clientId=producer-1] Connection to node -1 (localhost/127.0.0.1:9092) could not be established. Node may not be available.
2025-05-26T08:55:19.273+03:00  WARN 87132 --- [DDIAProject] [ad | producer-1] org.apache.kafka.clients.NetworkClient   : [Producer clientId=producer-1] Bootstrap broker localhost:9092 (id: -1 rack: null) disconnected
2025-05-26T08:55:20.178+03:00  INFO 87132 --- [DDIAProject] [ad | producer-1] org.apache.kafka.clients.NetworkClient   : [Producer clientId=producer-1] Node -1 disconnected.
2025-05-26T08:55:20.179+03:00  WARN 87132 --- [DDIAProject] [ad | producer-1] org.apache.kafka.clients.NetworkClient   : [Producer clientId=producer-1] Connection to node -1 (localhost/127.0.0.1:9092) could not be established. Node may not be available.
2025-05-26T08:55:20.179+03:00  WARN 87132 --- [DDIAProject] [ad | producer-1] org.apache.kafka.clients.NetworkClient   : [Producer clientId=producer-1] Bootstrap broker localhost:9092 (id: -1 rack: null) disconnected
2025-05-26T08:55:21.083+03:00  INFO 87132 --- [DDIAProject] [ad | producer-1] org.apache.kafka.clients.NetworkClient   : [Producer clientId=producer-1] Node -1 disconnected.
2025-05-26T08:55:21.083+03:00  WARN 87132 --- [DDIAProject] [ad | producer-1] org.apache.kafka.clients.NetworkClient   : [Producer clientId=producer-1] Connection to node -1 (localhost/127.0.0.1:9092) could not be established. Node may not be available.
2025-05-26T08:55:21.084+03:00  WARN 87132 --- [DDIAProject] [ad | producer-1] org.apache.kafka.clients.NetworkClient   : [Producer clientId=producer-1] Bootstrap broker localhost:9092 (id: -1 rack: null) disconnected
2025-05-26T08:55:21.989+03:00  INFO 87132 --- [DDIAProject] [ad | producer-1] org.apache.kafka.clients.NetworkClient   : [Producer clientId=producer-1] Node -1 disconnected.
2025-05-26T08:55:21.989+03:00  WARN 87132 --- [DDIAProject] [ad | producer-1] org.apache.kafka.clients.NetworkClient   : [Producer clientId=producer-1] Connection to node -1 (localhost/127.0.0.1:9092) could not be established. Node may not be available.
2025-05-26T08:55:21.990+03:00  WARN 87132 --- [DDIAProject] [ad | producer-1] org.apache.kafka.clients.NetworkClient   : [Producer clientId=producer-1] Bootstrap broker localhost:9092 (id: -1 rack: null) disconnected
2025-05-26T08:55:22.894+03:00  INFO 87132 --- [DDIAProject] [ad | producer-1] org.apache.kafka.clients.NetworkClient   : [Producer clientId=producer-1] Node -1 disconnected.
2025-05-26T08:55:22.895+03:00  WARN 87132 --- [DDIAProject] [ad | producer-1] org.apache.kafka.clients.NetworkClient   : [Producer clientId=producer-1] Connection to node -1 (localhost/127.0.0.1:9092) could not be established. Node may not be available.
2025-05-26T08:55:22.895+03:00  WARN 87132 --- [DDIAProject] [ad | producer-1] org.apache.kafka.clients.NetworkClient   : [Producer clientId=producer-1] Bootstrap broker localhost:9092 (id: -1 rack: null) disconnected
2025-05-26T08:55:23.597+03:00  INFO 87132 --- [DDIAProject] [           main] org.apache.kafka.clients.NetworkClient   : [Consumer clientId=consumer-bb007fbf-c45b-4b2f-b892-912db85a707d-1, groupId=bb007fbf-c45b-4b2f-b892-912db85a707d] Disconnecting from node -1 due to socket connection setup timeout. The timeout value is 17512 ms.
2025-05-26T08:55:23.597+03:00  WARN 87132 --- [DDIAProject] [           main] org.apache.kafka.clients.NetworkClient   : [Consumer clientId=consumer-bb007fbf-c45b-4b2f-b892-912db85a707d-1, groupId=bb007fbf-c45b-4b2f-b892-912db85a707d] Bootstrap broker 10.104.239.35:9092 (id: -1 rack: null) disconnected
2025-05-26T08:55:23.944+03:00  INFO 87132 --- [DDIAProject] [ad | producer-1] org.apache.kafka.clients.NetworkClient   : [Producer clientId=producer-1] Node -1 disconnected.
2025-05-26T08:55:23.944+03:00  WARN 87132 --- [DDIAProject] [ad | producer-1] org.apache.kafka.clients.NetworkClient   : [Producer clientId=producer-1] Connection to node -1 (localhost/127.0.0.1:9092) could not be established. Node may not be available.
2025-05-26T08:55:23.944+03:00  WARN 87132 --- [DDIAProject] [ad | producer-1] org.apache.kafka.clients.NetworkClient   : [Producer clientId=producer-1] Bootstrap broker localhost:9092 (id: -1 rack: null) disconnected
2025-05-26T08:55:24.799+03:00  INFO 87132 --- [DDIAProject] [ad | producer-1] org.apache.kafka.clients.NetworkClient   : [Producer clientId=producer-1] Node -1 disconnected.
2025-05-26T08:55:24.799+03:00  WARN 87132 --- [DDIAProject] [ad | producer-1] org.apache.kafka.clients.NetworkClient   : [Producer clientId=producer-1] Connection to node -1 (localhost/127.0.0.1:9092) could not be established. Node may not be available.
2025-05-26T08:55:24.799+03:00  WARN 87132 --- [DDIAProject] [ad | producer-1] org.apache.kafka.clients.NetworkClient   : [Producer clientId=producer-1] Bootstrap broker localhost:9092 (id: -1 rack: null) disconnected
2025-05-26T08:55:25.754+03:00  INFO 87132 --- [DDIAProject] [ad | producer-1] org.apache.kafka.clients.NetworkClient   : [Producer clientId=producer-1] Node -1 disconnected.
2025-05-26T08:55:25.755+03:00  WARN 87132 --- [DDIAProject] [ad | producer-1] org.apache.kafka.clients.NetworkClient   : [Producer clientId=producer-1] Connection to node -1 (localhost/127.0.0.1:9092) could not be established. Node may not be available.
2025-05-26T08:55:25.755+03:00  WARN 87132 --- [DDIAProject] [ad | producer-1] org.apache.kafka.clients.NetworkClient   : [Producer clientId=producer-1] Bootstrap broker localhost:9092 (id: -1 rack: null) disconnected
2025-05-26T08:55:26.693+03:00  INFO 87132 --- [DDIAProject] [ad | producer-1] org.apache.kafka.clients.NetworkClient   : [Producer clientId=producer-1] Node -1 disconnected.
2025-05-26T08:55:26.693+03:00  WARN 87132 --- [DDIAProject] [ad | producer-1] org.apache.kafka.clients.NetworkClient   : [Producer clientId=producer-1] Connection to node -1 (localhost/127.0.0.1:9092) could not be established. Node may not be available.
2025-05-26T08:55:26.693+03:00  WARN 87132 --- [DDIAProject] [ad | producer-1] org.apache.kafka.clients.NetworkClient   : [Producer clientId=producer-1] Bootstrap broker localhost:9092 (id: -1 rack: null) disconnected
2025-05-26T08:55:27.548+03:00  INFO 87132 --- [DDIAProject] [ad | producer-1] org.apache.kafka.clients.NetworkClient   : [Producer clientId=producer-1] Node -1 disconnected.
2025-05-26T08:55:27.548+03:00  WARN 87132 --- [DDIAProject] [ad | producer-1] org.apache.kafka.clients.NetworkClient   : [Producer clientId=producer-1] Connection to node -1 (localhost/127.0.0.1:9092) could not be established. Node may not be available.
2025-05-26T08:55:27.549+03:00  WARN 87132 --- [DDIAProject] [ad | producer-1] org.apache.kafka.clients.NetworkClient   : [Producer clientId=producer-1] Bootstrap broker localhost:9092 (id: -1 rack: null) disconnected
2025-05-26T08:55:28.447+03:00  INFO 87132 --- [DDIAProject] [ad | producer-1] org.apache.kafka.clients.NetworkClient   : [Producer clientId=producer-1] Node -1 disconnected.
2025-05-26T08:55:28.447+03:00  WARN 87132 --- [DDIAProject] [ad | producer-1] org.apache.kafka.clients.NetworkClient   : [Producer clientId=producer-1] Connection to node -1 (localhost/127.0.0.1:9092) could not be established. Node may not be available.
2025-05-26T08:55:28.447+03:00  WARN 87132 --- [DDIAProject] [ad | producer-1] org.apache.kafka.clients.NetworkClient   : [Producer clientId=producer-1] Bootstrap broker localhost:9092 (id: -1 rack: null) disconnected
2025-05-26T08:55:29.351+03:00  INFO 87132 --- [DDIAProject] [ad | producer-1] org.apache.kafka.clients.NetworkClient   : [Producer clientId=producer-1] Node -1 disconnected.
2025-05-26T08:55:29.352+03:00  WARN 87132 --- [DDIAProject] [ad | producer-1] org.apache.kafka.clients.NetworkClient   : [Producer clientId=producer-1] Connection to node -1 (localhost/127.0.0.1:9092) could not be established. Node may not be available.
2025-05-26T08:55:29.352+03:00  WARN 87132 --- [DDIAProject] [ad | producer-1] org.apache.kafka.clients.NetworkClient   : [Producer clientId=producer-1] Bootstrap broker localhost:9092 (id: -1 rack: null) disconnected
2025-05-26T08:55:30.306+03:00  INFO 87132 --- [DDIAProject] [ad | producer-1] org.apache.kafka.clients.NetworkClient   : [Producer clientId=producer-1] Node -1 disconnected.
2025-05-26T08:55:30.307+03:00  WARN 87132 --- [DDIAProject] [ad | producer-1] org.apache.kafka.clients.NetworkClient   : [Producer clientId=producer-1] Connection to node -1 (localhost/127.0.0.1:9092) could not be established. Node may not be available.
2025-05-26T08:55:30.307+03:00  WARN 87132 --- [DDIAProject] [ad | producer-1] org.apache.kafka.clients.NetworkClient   : [Producer clientId=producer-1] Bootstrap broker localhost:9092 (id: -1 rack: null) disconnected
2025-05-26T08:55:31.261+03:00  INFO 87132 --- [DDIAProject] [ad | producer-1] org.apache.kafka.clients.NetworkClient   : [Producer clientId=producer-1] Node -1 disconnected.
2025-05-26T08:55:31.261+03:00  WARN 87132 --- [DDIAProject] [ad | producer-1] org.apache.kafka.clients.NetworkClient   : [Producer clientId=producer-1] Connection to node -1 (localhost/127.0.0.1:9092) could not be established. Node may not be available.
2025-05-26T08:55:31.261+03:00  WARN 87132 --- [DDIAProject] [ad | producer-1] org.apache.kafka.clients.NetworkClient   : [Producer clientId=producer-1] Bootstrap broker localhost:9092 (id: -1 rack: null) disconnected
2025-05-26T08:55:32.266+03:00  INFO 87132 --- [DDIAProject] [ad | producer-1] org.apache.kafka.clients.NetworkClient   : [Producer clientId=producer-1] Node -1 disconnected.
2025-05-26T08:55:32.266+03:00  WARN 87132 --- [DDIAProject] [ad | producer-1] org.apache.kafka.clients.NetworkClient   : [Producer clientId=producer-1] Connection to node -1 (localhost/127.0.0.1:9092) could not be established. Node may not be available.
2025-05-26T08:55:32.266+03:00  WARN 87132 --- [DDIAProject] [ad | producer-1] org.apache.kafka.clients.NetworkClient   : [Producer clientId=producer-1] Bootstrap broker localhost:9092 (id: -1 rack: null) disconnected
2025-05-26T08:55:33.171+03:00  INFO 87132 --- [DDIAProject] [ad | producer-1] org.apache.kafka.clients.NetworkClient   : [Producer clientId=producer-1] Node -1 disconnected.
2025-05-26T08:55:33.171+03:00  WARN 87132 --- [DDIAProject] [ad | producer-1] org.apache.kafka.clients.NetworkClient   : [Producer clientId=producer-1] Connection to node -1 (localhost/127.0.0.1:9092) could not be established. Node may not be available.
2025-05-26T08:55:33.171+03:00  WARN 87132 --- [DDIAProject] [ad | producer-1] org.apache.kafka.clients.NetworkClient   : [Producer clientId=producer-1] Bootstrap broker localhost:9092 (id: -1 rack: null) disconnected
2025-05-26T08:55:34.126+03:00  INFO 87132 --- [DDIAProject] [ad | producer-1] org.apache.kafka.clients.NetworkClient   : [Producer clientId=producer-1] Node -1 disconnected.
2025-05-26T08:55:34.127+03:00  WARN 87132 --- [DDIAProject] [ad | producer-1] org.apache.kafka.clients.NetworkClient   : [Producer clientId=producer-1] Connection to node -1 (localhost/127.0.0.1:9092) could not be established. Node may not be available.
2025-05-26T08:55:34.127+03:00  WARN 87132 --- [DDIAProject] [ad | producer-1] org.apache.kafka.clients.NetworkClient   : [Producer clientId=producer-1] Bootstrap broker localhost:9092 (id: -1 rack: null) disconnected
2025-05-26T08:55:35.131+03:00  INFO 87132 --- [DDIAProject] [ad | producer-1] org.apache.kafka.clients.NetworkClient   : [Producer clientId=producer-1] Node -1 disconnected.
2025-05-26T08:55:35.132+03:00  WARN 87132 --- [DDIAProject] [ad | producer-1] org.apache.kafka.clients.NetworkClient   : [Producer clientId=producer-1] Connection to node -1 (localhost/127.0.0.1:9092) could not be established. Node may not be available.
2025-05-26T08:55:35.132+03:00  WARN 87132 --- [DDIAProject] [ad | producer-1] org.apache.kafka.clients.NetworkClient   : [Producer clientId=producer-1] Bootstrap broker localhost:9092 (id: -1 rack: null) disconnected
2025-05-26T08:55:36.137+03:00  INFO 87132 --- [DDIAProject] [ad | producer-1] org.apache.kafka.clients.NetworkClient   : [Producer clientId=producer-1] Node -1 disconnected.
2025-05-26T08:55:36.137+03:00  WARN 87132 --- [DDIAProject] [ad | producer-1] org.apache.kafka.clients.NetworkClient   : [Producer clientId=producer-1] Connection to node -1 (localhost/127.0.0.1:9092) could not be established. Node may not be available.
2025-05-26T08:55:36.137+03:00  WARN 87132 --- [DDIAProject] [ad | producer-1] org.apache.kafka.clients.NetworkClient   : [Producer clientId=producer-1] Bootstrap broker localhost:9092 (id: -1 rack: null) disconnected
2025-05-26T08:55:37.141+03:00  INFO 87132 --- [DDIAProject] [ad | producer-1] org.apache.kafka.clients.NetworkClient   : [Producer clientId=producer-1] Node -1 disconnected.
2025-05-26T08:55:37.141+03:00  WARN 87132 --- [DDIAProject] [ad | producer-1] org.apache.kafka.clients.NetworkClient   : [Producer clientId=producer-1] Connection to node -1 (localhost/127.0.0.1:9092) could not be established. Node may not be available.
2025-05-26T08:55:37.141+03:00  WARN 87132 --- [DDIAProject] [ad | producer-1] org.apache.kafka.clients.NetworkClient   : [Producer clientId=producer-1] Bootstrap broker localhost:9092 (id: -1 rack: null) disconnected
2025-05-26T08:55:38.142+03:00  INFO 87132 --- [DDIAProject] [ad | producer-1] org.apache.kafka.clients.NetworkClient   : [Producer clientId=producer-1] Node -1 disconnected.
2025-05-26T08:55:38.142+03:00  WARN 87132 --- [DDIAProject] [ad | producer-1] org.apache.kafka.clients.NetworkClient   : [Producer clientId=producer-1] Connection to node -1 (localhost/127.0.0.1:9092) could not be established. Node may not be available.
2025-05-26T08:55:38.142+03:00  WARN 87132 --- [DDIAProject] [ad | producer-1] org.apache.kafka.clients.NetworkClient   : [Producer clientId=producer-1] Bootstrap broker localhost:9092 (id: -1 rack: null) disconnected
2025-05-26T08:55:39.097+03:00  INFO 87132 --- [DDIAProject] [ad | producer-1] org.apache.kafka.clients.NetworkClient   : [Producer clientId=producer-1] Node -1 disconnected.
2025-05-26T08:55:39.097+03:00  WARN 87132 --- [DDIAProject] [ad | producer-1] org.apache.kafka.clients.NetworkClient   : [Producer clientId=producer-1] Connection to node -1 (localhost/127.0.0.1:9092) could not be established. Node may not be available.
2025-05-26T08:55:39.098+03:00  WARN 87132 --- [DDIAProject] [ad | producer-1] org.apache.kafka.clients.NetworkClient   : [Producer clientId=producer-1] Bootstrap broker localhost:9092 (id: -1 rack: null) disconnected
2025-05-26T08:55:39.951+03:00  INFO 87132 --- [DDIAProject] [ad | producer-1] org.apache.kafka.clients.NetworkClient   : [Producer clientId=producer-1] Node -1 disconnected.
2025-05-26T08:55:39.952+03:00  WARN 87132 --- [DDIAProject] [ad | producer-1] org.apache.kafka.clients.NetworkClient   : [Producer clientId=producer-1] Connection to node -1 (localhost/127.0.0.1:9092) could not be established. Node may not be available.
2025-05-26T08:55:39.952+03:00  WARN 87132 --- [DDIAProject] [ad | producer-1] org.apache.kafka.clients.NetworkClient   : [Producer clientId=producer-1] Bootstrap broker localhost:9092 (id: -1 rack: null) disconnected
2025-05-26T08:55:40.952+03:00  INFO 87132 --- [DDIAProject] [ad | producer-1] org.apache.kafka.clients.NetworkClient   : [Producer clientId=producer-1] Node -1 disconnected.
2025-05-26T08:55:40.952+03:00  WARN 87132 --- [DDIAProject] [ad | producer-1] org.apache.kafka.clients.NetworkClient   : [Producer clientId=producer-1] Connection to node -1 (localhost/127.0.0.1:9092) could not be established. Node may not be available.
2025-05-26T08:55:40.952+03:00  WARN 87132 --- [DDIAProject] [ad | producer-1] org.apache.kafka.clients.NetworkClient   : [Producer clientId=producer-1] Bootstrap broker localhost:9092 (id: -1 rack: null) disconnected
2025-05-26T08:55:41.952+03:00  INFO 87132 --- [DDIAProject] [ad | producer-1] org.apache.kafka.clients.NetworkClient   : [Producer clientId=producer-1] Node -1 disconnected.
2025-05-26T08:55:41.953+03:00  WARN 87132 --- [DDIAProject] [ad | producer-1] org.apache.kafka.clients.NetworkClient   : [Producer clientId=producer-1] Connection to node -1 (localhost/127.0.0.1:9092) could not be established. Node may not be available.
2025-05-26T08:55:41.953+03:00  WARN 87132 --- [DDIAProject] [ad | producer-1] org.apache.kafka.clients.NetworkClient   : [Producer clientId=producer-1] Bootstrap broker localhost:9092 (id: -1 rack: null) disconnected
2025-05-26T08:55:42.953+03:00  INFO 87132 --- [DDIAProject] [ad | producer-1] org.apache.kafka.clients.NetworkClient   : [Producer clientId=producer-1] Node -1 disconnected.
2025-05-26T08:55:42.953+03:00  WARN 87132 --- [DDIAProject] [ad | producer-1] org.apache.kafka.clients.NetworkClient   : [Producer clientId=producer-1] Connection to node -1 (localhost/127.0.0.1:9092) could not be established. Node may not be available.
2025-05-26T08:55:42.953+03:00  WARN 87132 --- [DDIAProject] [ad | producer-1] org.apache.kafka.clients.NetworkClient   : [Producer clientId=producer-1] Bootstrap broker localhost:9092 (id: -1 rack: null) disconnected
2025-05-26T08:55:43.980+03:00  INFO 87132 --- [DDIAProject] [ad | producer-1] org.apache.kafka.clients.NetworkClient   : [Producer clientId=producer-1] Node -1 disconnected.
2025-05-26T08:55:43.980+03:00  WARN 87132 --- [DDIAProject] [ad | producer-1] org.apache.kafka.clients.NetworkClient   : [Producer clientId=producer-1] Connection to node -1 (localhost/127.0.0.1:9092) could not be established. Node may not be available.
2025-05-26T08:55:43.980+03:00  WARN 87132 --- [DDIAProject] [ad | producer-1] org.apache.kafka.clients.NetworkClient   : [Producer clientId=producer-1] Bootstrap broker localhost:9092 (id: -1 rack: null) disconnected
2025-05-26T08:55:44.981+03:00  INFO 87132 --- [DDIAProject] [ad | producer-1] org.apache.kafka.clients.NetworkClient   : [Producer clientId=producer-1] Node -1 disconnected.
2025-05-26T08:55:44.982+03:00  WARN 87132 --- [DDIAProject] [ad | producer-1] org.apache.kafka.clients.NetworkClient   : [Producer clientId=producer-1] Connection to node -1 (localhost/127.0.0.1:9092) could not be established. Node may not be available.
2025-05-26T08:55:44.982+03:00  WARN 87132 --- [DDIAProject] [ad | producer-1] org.apache.kafka.clients.NetworkClient   : [Producer clientId=producer-1] Bootstrap broker localhost:9092 (id: -1 rack: null) disconnected
2025-05-26T08:55:45.982+03:00  INFO 87132 --- [DDIAProject] [ad | producer-1] org.apache.kafka.clients.NetworkClient   : [Producer clientId=producer-1] Node -1 disconnected.
2025-05-26T08:55:45.983+03:00  WARN 87132 --- [DDIAProject] [ad | producer-1] org.apache.kafka.clients.NetworkClient   : [Producer clientId=producer-1] Connection to node -1 (localhost/127.0.0.1:9092) could not be established. Node may not be available.
2025-05-26T08:55:45.983+03:00  WARN 87132 --- [DDIAProject] [ad | producer-1] org.apache.kafka.clients.NetworkClient   : [Producer clientId=producer-1] Bootstrap broker localhost:9092 (id: -1 rack: null) disconnected
2025-05-26T08:55:46.837+03:00  INFO 87132 --- [DDIAProject] [ad | producer-1] org.apache.kafka.clients.NetworkClient   : [Producer clientId=producer-1] Node -1 disconnected.
2025-05-26T08:55:46.838+03:00  WARN 87132 --- [DDIAProject] [ad | producer-1] org.apache.kafka.clients.NetworkClient   : [Producer clientId=producer-1] Connection to node -1 (localhost/127.0.0.1:9092) could not be established. Node may not be available.
2025-05-26T08:55:46.838+03:00  WARN 87132 --- [DDIAProject] [ad | producer-1] org.apache.kafka.clients.NetworkClient   : [Producer clientId=producer-1] Bootstrap broker localhost:9092 (id: -1 rack: null) disconnected
2025-05-26T08:55:47.837+03:00  INFO 87132 --- [DDIAProject] [ad | producer-1] org.apache.kafka.clients.NetworkClient   : [Producer clientId=producer-1] Node -1 disconnected.
2025-05-26T08:55:47.837+03:00  WARN 87132 --- [DDIAProject] [ad | producer-1] org.apache.kafka.clients.NetworkClient   : [Producer clientId=producer-1] Connection to node -1 (localhost/127.0.0.1:9092) could not be established. Node may not be available.
2025-05-26T08:55:47.837+03:00  WARN 87132 --- [DDIAProject] [ad | producer-1] org.apache.kafka.clients.NetworkClient   : [Producer clientId=producer-1] Bootstrap broker localhost:9092 (id: -1 rack: null) disconnected
2025-05-26T08:55:48.839+03:00  INFO 87132 --- [DDIAProject] [ad | producer-1] org.apache.kafka.clients.NetworkClient   : [Producer clientId=producer-1] Node -1 disconnected.
2025-05-26T08:55:48.839+03:00  WARN 87132 --- [DDIAProject] [ad | producer-1] org.apache.kafka.clients.NetworkClient   : [Producer clientId=producer-1] Connection to node -1 (localhost/127.0.0.1:9092) could not be established. Node may not be available.
2025-05-26T08:55:48.839+03:00  WARN 87132 --- [DDIAProject] [ad | producer-1] org.apache.kafka.clients.NetworkClient   : [Producer clientId=producer-1] Bootstrap broker localhost:9092 (id: -1 rack: null) disconnected
2025-05-26T08:55:49.694+03:00  INFO 87132 --- [DDIAProject] [ad | producer-1] org.apache.kafka.clients.NetworkClient   : [Producer clientId=producer-1] Node -1 disconnected.
2025-05-26T08:55:49.694+03:00  WARN 87132 --- [DDIAProject] [ad | producer-1] org.apache.kafka.clients.NetworkClient   : [Producer clientId=producer-1] Connection to node -1 (localhost/127.0.0.1:9092) could not be established. Node may not be available.
2025-05-26T08:55:49.694+03:00  WARN 87132 --- [DDIAProject] [ad | producer-1] org.apache.kafka.clients.NetworkClient   : [Producer clientId=producer-1] Bootstrap broker localhost:9092 (id: -1 rack: null) disconnected
2025-05-26T08:55:50.700+03:00  INFO 87132 --- [DDIAProject] [ad | producer-1] org.apache.kafka.clients.NetworkClient   : [Producer clientId=producer-1] Node -1 disconnected.
2025-05-26T08:55:50.700+03:00  WARN 87132 --- [DDIAProject] [ad | producer-1] org.apache.kafka.clients.NetworkClient   : [Producer clientId=producer-1] Connection to node -1 (localhost/127.0.0.1:9092) could not be established. Node may not be available.
2025-05-26T08:55:50.700+03:00  WARN 87132 --- [DDIAProject] [ad | producer-1] org.apache.kafka.clients.NetworkClient   : [Producer clientId=producer-1] Bootstrap broker localhost:9092 (id: -1 rack: null) disconnected
2025-05-26T08:55:51.655+03:00  INFO 87132 --- [DDIAProject] [ad | producer-1] org.apache.kafka.clients.NetworkClient   : [Producer clientId=producer-1] Node -1 disconnected.
2025-05-26T08:55:51.655+03:00  WARN 87132 --- [DDIAProject] [ad | producer-1] org.apache.kafka.clients.NetworkClient   : [Producer clientId=producer-1] Connection to node -1 (localhost/127.0.0.1:9092) could not be established. Node may not be available.
2025-05-26T08:55:51.655+03:00  WARN 87132 --- [DDIAProject] [ad | producer-1] org.apache.kafka.clients.NetworkClient   : [Producer clientId=producer-1] Bootstrap broker localhost:9092 (id: -1 rack: null) disconnected
2025-05-26T08:55:52.656+03:00  INFO 87132 --- [DDIAProject] [ad | producer-1] org.apache.kafka.clients.NetworkClient   : [Producer clientId=producer-1] Node -1 disconnected.
2025-05-26T08:55:52.656+03:00  WARN 87132 --- [DDIAProject] [ad | producer-1] org.apache.kafka.clients.NetworkClient   : [Producer clientId=producer-1] Connection to node -1 (localhost/127.0.0.1:9092) could not be established. Node may not be available.
2025-05-26T08:55:52.656+03:00  WARN 87132 --- [DDIAProject] [ad | producer-1] org.apache.kafka.clients.NetworkClient   : [Producer clientId=producer-1] Bootstrap broker localhost:9092 (id: -1 rack: null) disconnected
2025-05-26T08:55:53.657+03:00  INFO 87132 --- [DDIAProject] [ad | producer-1] org.apache.kafka.clients.NetworkClient   : [Producer clientId=producer-1] Node -1 disconnected.
2025-05-26T08:55:53.657+03:00  WARN 87132 --- [DDIAProject] [ad | producer-1] org.apache.kafka.clients.NetworkClient   : [Producer clientId=producer-1] Connection to node -1 (localhost/127.0.0.1:9092) could not be established. Node may not be available.
2025-05-26T08:55:53.657+03:00  WARN 87132 --- [DDIAProject] [ad | producer-1] org.apache.kafka.clients.NetworkClient   : [Producer clientId=producer-1] Bootstrap broker localhost:9092 (id: -1 rack: null) disconnected
2025-05-26T08:55:53.768+03:00  INFO 87132 --- [DDIAProject] [           main] org.apache.kafka.clients.NetworkClient   : [Consumer clientId=consumer-bb007fbf-c45b-4b2f-b892-912db85a707d-1, groupId=bb007fbf-c45b-4b2f-b892-912db85a707d] Disconnecting from node -1 due to socket connection setup timeout. The timeout value is 30000 ms.
2025-05-26T08:55:53.768+03:00  WARN 87132 --- [DDIAProject] [           main] org.apache.kafka.clients.NetworkClient   : [Consumer clientId=consumer-bb007fbf-c45b-4b2f-b892-912db85a707d-1, groupId=bb007fbf-c45b-4b2f-b892-912db85a707d] Bootstrap broker 10.104.239.35:9092 (id: -1 rack: null) disconnected
2025-05-26T08:55:54.563+03:00  INFO 87132 --- [DDIAProject] [ad | producer-1] org.apache.kafka.clients.NetworkClient   : [Producer clientId=producer-1] Node -1 disconnected.
2025-05-26T08:55:54.563+03:00  WARN 87132 --- [DDIAProject] [ad | producer-1] org.apache.kafka.clients.NetworkClient   : [Producer clientId=producer-1] Connection to node -1 (localhost/127.0.0.1:9092) could not be established. Node may not be available.
2025-05-26T08:55:54.563+03:00  WARN 87132 --- [DDIAProject] [ad | producer-1] org.apache.kafka.clients.NetworkClient   : [Producer clientId=producer-1] Bootstrap broker localhost:9092 (id: -1 rack: null) disconnected
2025-05-26T08:55:55.518+03:00  INFO 87132 --- [DDIAProject] [ad | producer-1] org.apache.kafka.clients.NetworkClient   : [Producer clientId=producer-1] Node -1 disconnected.
2025-05-26T08:55:55.518+03:00  WARN 87132 --- [DDIAProject] [ad | producer-1] org.apache.kafka.clients.NetworkClient   : [Producer clientId=producer-1] Connection to node -1 (localhost/127.0.0.1:9092) could not be established. Node may not be available.
2025-05-26T08:55:55.519+03:00  WARN 87132 --- [DDIAProject] [ad | producer-1] org.apache.kafka.clients.NetworkClient   : [Producer clientId=producer-1] Bootstrap broker localhost:9092 (id: -1 rack: null) disconnected
2025-05-26T08:55:56.374+03:00  INFO 87132 --- [DDIAProject] [ad | producer-1] org.apache.kafka.clients.NetworkClient   : [Producer clientId=producer-1] Node -1 disconnected.
2025-05-26T08:55:56.374+03:00  WARN 87132 --- [DDIAProject] [ad | producer-1] org.apache.kafka.clients.NetworkClient   : [Producer clientId=producer-1] Connection to node -1 (localhost/127.0.0.1:9092) could not be established. Node may not be available.
2025-05-26T08:55:56.374+03:00  WARN 87132 --- [DDIAProject] [ad | producer-1] org.apache.kafka.clients.NetworkClient   : [Producer clientId=producer-1] Bootstrap broker localhost:9092 (id: -1 rack: null) disconnected
2025-05-26T08:55:57.381+03:00  INFO 87132 --- [DDIAProject] [ad | producer-1] org.apache.kafka.clients.NetworkClient   : [Producer clientId=producer-1] Node -1 disconnected.
2025-05-26T08:55:57.381+03:00  WARN 87132 --- [DDIAProject] [ad | producer-1] org.apache.kafka.clients.NetworkClient   : [Producer clientId=producer-1] Connection to node -1 (localhost/127.0.0.1:9092) could not be established. Node may not be available.
2025-05-26T08:55:57.381+03:00  WARN 87132 --- [DDIAProject] [ad | producer-1] org.apache.kafka.clients.NetworkClient   : [Producer clientId=producer-1] Bootstrap broker localhost:9092 (id: -1 rack: null) disconnected
Stopping after running for 1 minute.
]]></system-out>
    <system-err><![CDATA[May 26, 2025 8:54:52 AM org.junit.platform.launcher.core.LauncherConfigurationParameters loadClasspathResource
WARNING: Discovered 3 'junit-platform.properties' configuration files on the classpath (see below); only the first (*) will be used.
- jar:file:/home/meudm/.m2/repository/org/apache/kafka/kafka-clients/3.8.1/kafka-clients-3.8.1-test.jar!/junit-platform.properties (*)
- jar:file:/home/meudm/.m2/repository/org/apache/kafka/kafka-server-common/3.8.1/kafka-server-common-3.8.1-test.jar!/junit-platform.properties
- jar:file:/home/meudm/.m2/repository/org/apache/kafka/kafka_2.13/3.8.1/kafka_2.13-3.8.1-test.jar!/junit-platform.properties
May 26, 2025 8:54:52 AM org.junit.platform.launcher.core.LauncherConfigurationParameters loadClasspathResource
WARNING: Discovered 3 'junit-platform.properties' configuration files on the classpath (see below); only the first (*) will be used.
- jar:file:/home/meudm/.m2/repository/org/apache/kafka/kafka-clients/3.8.1/kafka-clients-3.8.1-test.jar!/junit-platform.properties (*)
- jar:file:/home/meudm/.m2/repository/org/apache/kafka/kafka-server-common/3.8.1/kafka-server-common-3.8.1-test.jar!/junit-platform.properties
- jar:file:/home/meudm/.m2/repository/org/apache/kafka/kafka_2.13/3.8.1/kafka_2.13-3.8.1-test.jar!/junit-platform.properties
May 26, 2025 8:54:53 AM org.junit.platform.launcher.core.LauncherConfigurationParameters loadClasspathResource
WARNING: Discovered 3 'junit-platform.properties' configuration files on the classpath (see below); only the first (*) will be used.
- jar:file:/home/meudm/.m2/repository/org/apache/kafka/kafka-clients/3.8.1/kafka-clients-3.8.1-test.jar!/junit-platform.properties (*)
- jar:file:/home/meudm/.m2/repository/org/apache/kafka/kafka-server-common/3.8.1/kafka-server-common-3.8.1-test.jar!/junit-platform.properties
- jar:file:/home/meudm/.m2/repository/org/apache/kafka/kafka_2.13/3.8.1/kafka_2.13-3.8.1-test.jar!/junit-platform.properties
Mockito is currently self-attaching to enable the inline-mock-maker. This will no longer work in future releases of the JDK. Please add Mockito as an agent to your build what is described in Mockito's documentation: https://javadoc.io/doc/org.mockito/mockito-core/latest/org/mockito/Mockito.html#0.3
WARNING: A Java agent has been loaded dynamically (/home/meudm/.m2/repository/net/bytebuddy/byte-buddy-agent/1.15.11/byte-buddy-agent-1.15.11.jar)
WARNING: If a serviceability tool is in use, please run with -XX:+EnableDynamicAgentLoading to hide this warning
WARNING: If a serviceability tool is not in use, please run with -Djdk.instrument.traceUsage for more information
WARNING: Dynamic loading of agents will be disallowed by default in a future release
]]></system-err>
  </testcase>
</testsuite>